#
# There is insufficient memory for the Java Runtime Environment to continue.
# Native memory allocation (malloc) failed to allocate 2097152 bytes. Error detail: AllocateHeap
# Possible reasons:
#   The system is out of physical RAM or swap space
#   This process is running with CompressedOops enabled, and the Java Heap may be blocking the growth of the native heap
# Possible solutions:
#   Reduce memory load on the system
#   Increase physical memory or swap space
#   Check if swap backing store is full
#   Decrease Java heap size (-Xmx/-Xms)
#   Decrease number of Java threads
#   Decrease Java thread stack sizes (-Xss)
#   Set larger code cache with -XX:ReservedCodeCacheSize=
#   JVM is running with Unscaled Compressed Oops mode in which the Java heap is
#     placed in the first 4GB address space. The Java Heap base address is the
#     maximum limit for the native heap growth. Please use -XX:HeapBaseMinAddress
#     to set the Java Heap base and to place the Java Heap above 4GB virtual address.
# This output file may be truncated or incomplete.
#
#  Out of Memory Error (allocation.cpp:44), pid=1808, tid=14756
#
# JRE version: OpenJDK Runtime Environment Temurin-21.0.3+9 (21.0.3+9) (build 21.0.3+9-LTS)
# Java VM: OpenJDK 64-Bit Server VM Temurin-21.0.3+9 (21.0.3+9-LTS, mixed mode, emulated-client, sharing, tiered, compressed oops, compressed class ptrs, g1 gc, windows-amd64)
# No core dump will be written. Minidumps are not enabled by default on client versions of Windows
#

---------------  S U M M A R Y ------------

Command Line: -Dstdout.encoding=UTF-8 -Dstderr.encoding=UTF-8 -XX:TieredStopAtLevel=1 com.api.ejemplo.apidocker.ApidockerApplication

Host: Intel(R) Core(TM) i5-6200U CPU @ 2.30GHz, 4 cores, 3G,  Windows 10 , 64 bit Build 19041 (10.0.19041.3636)
Time: Mon Jun 24 03:25:25 2024 Hora est. Pacífico, Sudamérica elapsed time: 484.787395 seconds (0d 0h 8m 4s)

---------------  T H R E A D  ---------------

Current thread (0x000001c1e077f930):  VMThread "VM Thread"          [id=14756, stack(0x0000007567e00000,0x0000007567f00000) (1024K)]

Stack: [0x0000007567e00000,0x0000007567f00000]
Native frames: (J=compiled Java code, j=interpreted, Vv=VM code, C=native code)
V  [jvm.dll+0x6c8699]
V  [jvm.dll+0x8a2061]
V  [jvm.dll+0x8a458e]
V  [jvm.dll+0x8a4c63]
V  [jvm.dll+0x27e476]
V  [jvm.dll+0xbf557]
V  [jvm.dll+0x342ede]
V  [jvm.dll+0x33d80e]
V  [jvm.dll+0x3260c8]
V  [jvm.dll+0x368314]
V  [jvm.dll+0x8aa56f]
V  [jvm.dll+0x8ab674]
V  [jvm.dll+0x8abbb0]
V  [jvm.dll+0x8abe53]
V  [jvm.dll+0x84bf8b]
V  [jvm.dll+0x6c6dcd]
C  [ucrtbase.dll+0x21bb2]
C  [KERNEL32.DLL+0x17344]
C  [ntdll.dll+0x4cc91]

VM_Operation (0x00000075675ff450): G1CollectFull, mode: safepoint, requested by thread 0x000001c1e6460220


---------------  P R O C E S S  ---------------

Threads class SMR info:
_java_thread_list=0x000001c1e702b4a0, length=14, elements={
0x000001c1e079b300, 0x000001c1e079c1d0, 0x000001c1e079d6b0, 0x000001c1e079f280,
0x000001c1e07a1cf0, 0x000001c1e07a2b60, 0x000001c1e07a35c0, 0x000001c1e0a0b690,
0x000001c1e0a140a0, 0x000001c1e0c1fde0, 0x000001c1e64622f0, 0x000001c1e0c21190,
0x000001c1e0c1f0c0, 0x000001c1e6460220
}

Java Threads: ( => current thread )
  0x000001c1e079b300 JavaThread "Reference Handler"          daemon [_thread_blocked, id=9672, stack(0x0000007567f00000,0x0000007568000000) (1024K)]
  0x000001c1e079c1d0 JavaThread "Finalizer"                  daemon [_thread_blocked, id=15524, stack(0x0000007568000000,0x0000007568100000) (1024K)]
  0x000001c1e079d6b0 JavaThread "Signal Dispatcher"          daemon [_thread_blocked, id=13060, stack(0x0000007568100000,0x0000007568200000) (1024K)]
  0x000001c1e079f280 JavaThread "Attach Listener"            daemon [_thread_blocked, id=15188, stack(0x0000007568200000,0x0000007568300000) (1024K)]
  0x000001c1e07a1cf0 JavaThread "Service Thread"             daemon [_thread_blocked, id=14904, stack(0x0000007568300000,0x0000007568400000) (1024K)]
  0x000001c1e07a2b60 JavaThread "Monitor Deflation Thread"   daemon [_thread_blocked, id=8276, stack(0x0000007568400000,0x0000007568500000) (1024K)]
  0x000001c1e07a35c0 JavaThread "C1 CompilerThread0"         daemon [_thread_blocked, id=2440, stack(0x0000007568500000,0x0000007568600000) (1024K)]
  0x000001c1e0a0b690 JavaThread "Notification Thread"        daemon [_thread_blocked, id=15896, stack(0x0000007568600000,0x0000007568700000) (1024K)]
  0x000001c1e0a140a0 JavaThread "Common-Cleaner"             daemon [_thread_blocked, id=9168, stack(0x0000007568700000,0x0000007568800000) (1024K)]
  0x000001c1e0c1fde0 JavaThread "DestroyJavaVM"                     [_thread_blocked, id=7816, stack(0x0000007567600000,0x0000007567700000) (1024K)]
  0x000001c1e64622f0 JavaThread "File Watcher"               daemon [_thread_blocked, id=16848, stack(0x0000007568800000,0x0000007568900000) (1024K)]
  0x000001c1e0c21190 JavaThread "Catalina-utility-1"                [_thread_blocked, id=6124, stack(0x0000007568e00000,0x0000007568f00000) (1024K)]
  0x000001c1e0c1f0c0 JavaThread "Catalina-utility-2"                [_thread_blocked, id=10596, stack(0x0000007568f00000,0x0000007569000000) (1024K)]
  0x000001c1e6460220 JavaThread "Thread-20"                         [_thread_blocked, id=12904, stack(0x0000007567500000,0x0000007567600000) (1024K)]
Total: 14

Other Threads:
=>0x000001c1e077f930 VMThread "VM Thread"                           [id=14756, stack(0x0000007567e00000,0x0000007567f00000) (1024K)]
  0x000001c1e077c0d0 WatcherThread "VM Periodic Task Thread"        [id=11320, stack(0x0000007567d00000,0x0000007567e00000) (1024K)]
  0x000001c1cfb94ac0 WorkerThread "GC Thread#0"                     [id=12980, stack(0x0000007567800000,0x0000007567900000) (1024K)]
  0x000001c1e5388eb0 WorkerThread "GC Thread#1"                     [id=5972, stack(0x0000007568900000,0x0000007568a00000) (1024K)]
  0x000001c1e5392760 WorkerThread "GC Thread#2"                     [id=12420, stack(0x0000007568a00000,0x0000007568b00000) (1024K)]
  0x000001c1e5392b00 WorkerThread "GC Thread#3"                     [id=11660, stack(0x0000007568b00000,0x0000007568c00000) (1024K)]
  0x000001c1cfb9e5b0 ConcurrentGCThread "G1 Main Marker"            [id=444, stack(0x0000007567900000,0x0000007567a00000) (1024K)]
  0x000001c1cfb9f0b0 WorkerThread "G1 Conc#0"                       [id=17196, stack(0x0000007567a00000,0x0000007567b00000) (1024K)]
  0x000001c1cfbf3470 ConcurrentGCThread "G1 Refine#0"               [id=15512, stack(0x0000007567b00000,0x0000007567c00000) (1024K)]
  0x000001c1cfbf3fe0 ConcurrentGCThread "G1 Service"                [id=3696, stack(0x0000007567c00000,0x0000007567d00000) (1024K)]
Total: 10

Threads with active compile tasks:
Total: 0

VM state: at safepoint (normal execution)

VM Mutex/Monitor currently owned by a thread:  ([mutex/lock_event])
[0x00007ff813492128] Threads_lock - owner thread: 0x000001c1e077f930
[0x00007ff813492228] Heap_lock - owner thread: 0x000001c1e6460220

Heap address: 0x00000000c2800000, size: 984 MB, Compressed Oops mode: 32-bit

CDS archive(s) mapped at: [0x000001c180000000-0x000001c180c90000-0x000001c180c90000), size 13172736, SharedBaseAddress: 0x000001c180000000, ArchiveRelocationMode: 1.
Compressed class space mapped at: 0x000001c181000000-0x000001c1c1000000, reserved size: 1073741824
Narrow klass base: 0x000001c180000000, Narrow klass shift: 0, Narrow klass range: 0x100000000

GC Precious Log:
 CardTable entry size: 512
 Card Set container configuration: InlinePtr #cards 5 size 8 Array Of Cards #cards 12 size 40 Howl #buckets 4 coarsen threshold 1843 Howl Bitmap #cards 512 size 80 coarsen threshold 460 Card regions per heap region 1 cards per card region 2048
 CPUs: 4 total, 4 available
 Memory: 3934M
 Large Page Support: Disabled
 NUMA Support: Disabled
 Compressed Oops: Enabled (32-bit)
 Heap Region Size: 1M
 Heap Min Capacity: 8M
 Heap Initial Capacity: 62M
 Heap Max Capacity: 984M
 Pre-touch: Disabled
 Parallel Workers: 4
 Concurrent Workers: 1
 Concurrent Refinement Workers: 4
 Periodic GC: Disabled

Heap:
 garbage-first heap   total 97280K, used 49592K [0x00000000c2800000, 0x0000000100000000)
  region size 1024K, 28 young (28672K), 3 survivors (3072K)
 Metaspace       used 41196K, committed 41856K, reserved 1114112K
  class space    used 5758K, committed 6080K, reserved 1048576K

Heap Regions: E=young(eden), S=young(survivor), O=old, HS=humongous(starts), HC=humongous(continues), CS=collection set, F=free, TAMS=top-at-mark-start, PB=parsable bottom
|   0|0x00000000c2800000, 0x00000000c2900000, 0x00000000c2900000|100%|HS|  |TAMS 0x00000000c2800000| PB 0x00000000c2800000| Untracked 
|   1|0x00000000c2900000, 0x00000000c2a00000, 0x00000000c2a00000|100%| O|  |TAMS 0x00000000c2900000| PB 0x00000000c2900000| Untracked 
|   2|0x00000000c2a00000, 0x00000000c2b00000, 0x00000000c2b00000|100%| O|  |TAMS 0x00000000c2a00000| PB 0x00000000c2a00000| Untracked 
|   3|0x00000000c2b00000, 0x00000000c2bfffd0, 0x00000000c2c00000| 99%| O|  |TAMS 0x00000000c2b00000| PB 0x00000000c2b00000| Untracked 
|   4|0x00000000c2c00000, 0x00000000c2d00000, 0x00000000c2d00000|100%| O|  |TAMS 0x00000000c2c00000| PB 0x00000000c2c00000| Untracked 
|   5|0x00000000c2d00000, 0x00000000c2dfb408, 0x00000000c2e00000| 98%| O|  |TAMS 0x00000000c2d00000| PB 0x00000000c2d00000| Untracked 
|   6|0x00000000c2e00000, 0x00000000c2efffd8, 0x00000000c2f00000| 99%| O|  |TAMS 0x00000000c2e00000| PB 0x00000000c2e00000| Untracked 
|   7|0x00000000c2f00000, 0x00000000c2fffff8, 0x00000000c3000000| 99%| O|  |TAMS 0x00000000c2f00000| PB 0x00000000c2f00000| Untracked 
|   8|0x00000000c3000000, 0x00000000c30ffff0, 0x00000000c3100000| 99%| O|  |TAMS 0x00000000c3000000| PB 0x00000000c3000000| Untracked 
|   9|0x00000000c3100000, 0x00000000c31fffe8, 0x00000000c3200000| 99%| O|  |TAMS 0x00000000c3100000| PB 0x00000000c3100000| Untracked 
|  10|0x00000000c3200000, 0x00000000c32ffff0, 0x00000000c3300000| 99%| O|  |TAMS 0x00000000c3200000| PB 0x00000000c3200000| Untracked 
|  11|0x00000000c3300000, 0x00000000c33fffe8, 0x00000000c3400000| 99%| O|  |TAMS 0x00000000c3300000| PB 0x00000000c3300000| Untracked 
|  12|0x00000000c3400000, 0x00000000c34fffc8, 0x00000000c3500000| 99%| O|  |TAMS 0x00000000c3400000| PB 0x00000000c3400000| Untracked 
|  13|0x00000000c3500000, 0x00000000c3600000, 0x00000000c3600000|100%| O|  |TAMS 0x00000000c3500000| PB 0x00000000c3500000| Untracked 
|  14|0x00000000c3600000, 0x00000000c36fffc8, 0x00000000c3700000| 99%| O|  |TAMS 0x00000000c3600000| PB 0x00000000c3600000| Untracked 
|  15|0x00000000c3700000, 0x00000000c3800000, 0x00000000c3800000|100%| O|  |TAMS 0x00000000c3700000| PB 0x00000000c3700000| Untracked 
|  16|0x00000000c3800000, 0x00000000c38ffff8, 0x00000000c3900000| 99%| O|  |TAMS 0x00000000c3800000| PB 0x00000000c3800000| Untracked 
|  17|0x00000000c3900000, 0x00000000c39ffff0, 0x00000000c3a00000| 99%| O|  |TAMS 0x00000000c3900000| PB 0x00000000c3900000| Untracked 
|  18|0x00000000c3a00000, 0x00000000c3affff0, 0x00000000c3b00000| 99%| O|  |TAMS 0x00000000c3a00000| PB 0x00000000c3a00000| Untracked 
|  19|0x00000000c3b00000, 0x00000000c3c00000, 0x00000000c3c00000|100%| O|  |TAMS 0x00000000c3b00000| PB 0x00000000c3b00000| Untracked 
|  20|0x00000000c3c00000, 0x00000000c3c91a40, 0x00000000c3d00000| 56%| O|  |TAMS 0x00000000c3c00000| PB 0x00000000c3c00000| Untracked 
|  21|0x00000000c3d00000, 0x00000000c3dfffb8, 0x00000000c3e00000| 99%| O|  |TAMS 0x00000000c3d00000| PB 0x00000000c3d00000| Untracked 
|  22|0x00000000c3e00000, 0x00000000c3ee93f8, 0x00000000c3f00000| 91%| O|  |TAMS 0x00000000c3e00000| PB 0x00000000c3e00000| Untracked 
|  23|0x00000000c3f00000, 0x00000000c3f00000, 0x00000000c4000000|  0%| F|  |TAMS 0x00000000c3f00000| PB 0x00000000c3f00000| Untracked 
|  24|0x00000000c4000000, 0x00000000c407ab18, 0x00000000c4100000| 47%| O|  |TAMS 0x00000000c4000000| PB 0x00000000c4000000| Untracked 
|  25|0x00000000c4100000, 0x00000000c4100000, 0x00000000c4200000|  0%| F|  |TAMS 0x00000000c4100000| PB 0x00000000c4100000| Untracked 
|  26|0x00000000c4200000, 0x00000000c4200000, 0x00000000c4300000|  0%| F|  |TAMS 0x00000000c4200000| PB 0x00000000c4200000| Untracked 
|  27|0x00000000c4300000, 0x00000000c4300000, 0x00000000c4400000|  0%| F|  |TAMS 0x00000000c4300000| PB 0x00000000c4300000| Untracked 
|  28|0x00000000c4400000, 0x00000000c447d5e0, 0x00000000c4500000| 48%| S|CS|TAMS 0x00000000c4400000| PB 0x00000000c4400000| Complete 
|  29|0x00000000c4500000, 0x00000000c4600000, 0x00000000c4600000|100%| S|CS|TAMS 0x00000000c4500000| PB 0x00000000c4500000| Complete 
|  30|0x00000000c4600000, 0x00000000c4700000, 0x00000000c4700000|100%| S|CS|TAMS 0x00000000c4600000| PB 0x00000000c4600000| Complete 
|  31|0x00000000c4700000, 0x00000000c4700000, 0x00000000c4800000|  0%| F|  |TAMS 0x00000000c4700000| PB 0x00000000c4700000| Untracked 
|  32|0x00000000c4800000, 0x00000000c4800000, 0x00000000c4900000|  0%| F|  |TAMS 0x00000000c4800000| PB 0x00000000c4800000| Untracked 
|  33|0x00000000c4900000, 0x00000000c4900000, 0x00000000c4a00000|  0%| F|  |TAMS 0x00000000c4900000| PB 0x00000000c4900000| Untracked 
|  34|0x00000000c4a00000, 0x00000000c4a00000, 0x00000000c4b00000|  0%| F|  |TAMS 0x00000000c4a00000| PB 0x00000000c4a00000| Untracked 
|  35|0x00000000c4b00000, 0x00000000c4b00000, 0x00000000c4c00000|  0%| F|  |TAMS 0x00000000c4b00000| PB 0x00000000c4b00000| Untracked 
|  36|0x00000000c4c00000, 0x00000000c4c00000, 0x00000000c4d00000|  0%| F|  |TAMS 0x00000000c4c00000| PB 0x00000000c4c00000| Untracked 
|  37|0x00000000c4d00000, 0x00000000c4d00000, 0x00000000c4e00000|  0%| F|  |TAMS 0x00000000c4d00000| PB 0x00000000c4d00000| Untracked 
|  38|0x00000000c4e00000, 0x00000000c4e00000, 0x00000000c4f00000|  0%| F|  |TAMS 0x00000000c4e00000| PB 0x00000000c4e00000| Untracked 
|  39|0x00000000c4f00000, 0x00000000c4f00000, 0x00000000c5000000|  0%| F|  |TAMS 0x00000000c4f00000| PB 0x00000000c4f00000| Untracked 
|  40|0x00000000c5000000, 0x00000000c5000000, 0x00000000c5100000|  0%| F|  |TAMS 0x00000000c5000000| PB 0x00000000c5000000| Untracked 
|  41|0x00000000c5100000, 0x00000000c5100000, 0x00000000c5200000|  0%| F|  |TAMS 0x00000000c5100000| PB 0x00000000c5100000| Untracked 
|  42|0x00000000c5200000, 0x00000000c5200000, 0x00000000c5300000|  0%| F|  |TAMS 0x00000000c5200000| PB 0x00000000c5200000| Untracked 
|  43|0x00000000c5300000, 0x00000000c5300000, 0x00000000c5400000|  0%| F|  |TAMS 0x00000000c5300000| PB 0x00000000c5300000| Untracked 
|  44|0x00000000c5400000, 0x00000000c5400000, 0x00000000c5500000|  0%| F|  |TAMS 0x00000000c5400000| PB 0x00000000c5400000| Untracked 
|  45|0x00000000c5500000, 0x00000000c5500000, 0x00000000c5600000|  0%| F|  |TAMS 0x00000000c5500000| PB 0x00000000c5500000| Untracked 
|  46|0x00000000c5600000, 0x00000000c5600000, 0x00000000c5700000|  0%| F|  |TAMS 0x00000000c5600000| PB 0x00000000c5600000| Untracked 
|  47|0x00000000c5700000, 0x00000000c5700000, 0x00000000c5800000|  0%| F|  |TAMS 0x00000000c5700000| PB 0x00000000c5700000| Untracked 
|  48|0x00000000c5800000, 0x00000000c5800000, 0x00000000c5900000|  0%| F|  |TAMS 0x00000000c5800000| PB 0x00000000c5800000| Untracked 
|  49|0x00000000c5900000, 0x00000000c5900000, 0x00000000c5a00000|  0%| F|  |TAMS 0x00000000c5900000| PB 0x00000000c5900000| Untracked 
|  50|0x00000000c5a00000, 0x00000000c5a00000, 0x00000000c5b00000|  0%| F|  |TAMS 0x00000000c5a00000| PB 0x00000000c5a00000| Untracked 
|  51|0x00000000c5b00000, 0x00000000c5b00000, 0x00000000c5c00000|  0%| F|  |TAMS 0x00000000c5b00000| PB 0x00000000c5b00000| Untracked 
|  52|0x00000000c5c00000, 0x00000000c5c00000, 0x00000000c5d00000|  0%| F|  |TAMS 0x00000000c5c00000| PB 0x00000000c5c00000| Untracked 
|  53|0x00000000c5d00000, 0x00000000c5d00000, 0x00000000c5e00000|  0%| F|  |TAMS 0x00000000c5d00000| PB 0x00000000c5d00000| Untracked 
|  54|0x00000000c5e00000, 0x00000000c5e00000, 0x00000000c5f00000|  0%| F|  |TAMS 0x00000000c5e00000| PB 0x00000000c5e00000| Untracked 
|  55|0x00000000c5f00000, 0x00000000c5f00000, 0x00000000c6000000|  0%| F|  |TAMS 0x00000000c5f00000| PB 0x00000000c5f00000| Untracked 
|  56|0x00000000c6000000, 0x00000000c6000000, 0x00000000c6100000|  0%| F|  |TAMS 0x00000000c6000000| PB 0x00000000c6000000| Untracked 
|  57|0x00000000c6100000, 0x00000000c6100000, 0x00000000c6200000|  0%| F|  |TAMS 0x00000000c6100000| PB 0x00000000c6100000| Untracked 
|  58|0x00000000c6200000, 0x00000000c6200000, 0x00000000c6300000|  0%| F|  |TAMS 0x00000000c6200000| PB 0x00000000c6200000| Untracked 
|  59|0x00000000c6300000, 0x00000000c6300000, 0x00000000c6400000|  0%| F|  |TAMS 0x00000000c6300000| PB 0x00000000c6300000| Untracked 
|  60|0x00000000c6400000, 0x00000000c6400000, 0x00000000c6500000|  0%| F|  |TAMS 0x00000000c6400000| PB 0x00000000c6400000| Untracked 
|  61|0x00000000c6500000, 0x00000000c6500000, 0x00000000c6600000|  0%| F|  |TAMS 0x00000000c6500000| PB 0x00000000c6500000| Untracked 
|  62|0x00000000c6600000, 0x00000000c6600000, 0x00000000c6700000|  0%| F|  |TAMS 0x00000000c6600000| PB 0x00000000c6600000| Untracked 
|  63|0x00000000c6700000, 0x00000000c6700000, 0x00000000c6800000|  0%| F|  |TAMS 0x00000000c6700000| PB 0x00000000c6700000| Untracked 
|  64|0x00000000c6800000, 0x00000000c6800000, 0x00000000c6900000|  0%| F|  |TAMS 0x00000000c6800000| PB 0x00000000c6800000| Untracked 
|  65|0x00000000c6900000, 0x00000000c6900000, 0x00000000c6a00000|  0%| F|  |TAMS 0x00000000c6900000| PB 0x00000000c6900000| Untracked 
|  66|0x00000000c6a00000, 0x00000000c6a00000, 0x00000000c6b00000|  0%| F|  |TAMS 0x00000000c6a00000| PB 0x00000000c6a00000| Untracked 
|  67|0x00000000c6b00000, 0x00000000c6b00000, 0x00000000c6c00000|  0%| F|  |TAMS 0x00000000c6b00000| PB 0x00000000c6b00000| Untracked 
|  68|0x00000000c6c00000, 0x00000000c6c00000, 0x00000000c6d00000|  0%| F|  |TAMS 0x00000000c6c00000| PB 0x00000000c6c00000| Untracked 
|  69|0x00000000c6d00000, 0x00000000c6d00000, 0x00000000c6e00000|  0%| F|  |TAMS 0x00000000c6d00000| PB 0x00000000c6d00000| Untracked 
|  70|0x00000000c6e00000, 0x00000000c6e49ee0, 0x00000000c6f00000| 28%| E|  |TAMS 0x00000000c6e00000| PB 0x00000000c6e00000| Complete 
|  71|0x00000000c6f00000, 0x00000000c7000000, 0x00000000c7000000|100%| E|CS|TAMS 0x00000000c6f00000| PB 0x00000000c6f00000| Complete 
|  72|0x00000000c7000000, 0x00000000c7100000, 0x00000000c7100000|100%| E|CS|TAMS 0x00000000c7000000| PB 0x00000000c7000000| Complete 
|  73|0x00000000c7100000, 0x00000000c7200000, 0x00000000c7200000|100%| E|CS|TAMS 0x00000000c7100000| PB 0x00000000c7100000| Complete 
|  74|0x00000000c7200000, 0x00000000c7300000, 0x00000000c7300000|100%| E|CS|TAMS 0x00000000c7200000| PB 0x00000000c7200000| Complete 
|  75|0x00000000c7300000, 0x00000000c7400000, 0x00000000c7400000|100%| E|CS|TAMS 0x00000000c7300000| PB 0x00000000c7300000| Complete 
|  76|0x00000000c7400000, 0x00000000c7500000, 0x00000000c7500000|100%| E|CS|TAMS 0x00000000c7400000| PB 0x00000000c7400000| Complete 
|  77|0x00000000c7500000, 0x00000000c7600000, 0x00000000c7600000|100%| E|CS|TAMS 0x00000000c7500000| PB 0x00000000c7500000| Complete 
|  78|0x00000000c7600000, 0x00000000c7700000, 0x00000000c7700000|100%| E|CS|TAMS 0x00000000c7600000| PB 0x00000000c7600000| Complete 
|  79|0x00000000c7700000, 0x00000000c7800000, 0x00000000c7800000|100%| E|CS|TAMS 0x00000000c7700000| PB 0x00000000c7700000| Complete 
|  80|0x00000000c7800000, 0x00000000c7900000, 0x00000000c7900000|100%| E|CS|TAMS 0x00000000c7800000| PB 0x00000000c7800000| Complete 
|  81|0x00000000c7900000, 0x00000000c7a00000, 0x00000000c7a00000|100%| E|CS|TAMS 0x00000000c7900000| PB 0x00000000c7900000| Complete 
|  82|0x00000000c7a00000, 0x00000000c7b00000, 0x00000000c7b00000|100%| E|CS|TAMS 0x00000000c7a00000| PB 0x00000000c7a00000| Complete 
|  83|0x00000000c7b00000, 0x00000000c7c00000, 0x00000000c7c00000|100%| E|CS|TAMS 0x00000000c7b00000| PB 0x00000000c7b00000| Complete 
|  84|0x00000000c7c00000, 0x00000000c7d00000, 0x00000000c7d00000|100%| E|CS|TAMS 0x00000000c7c00000| PB 0x00000000c7c00000| Complete 
|  85|0x00000000c7d00000, 0x00000000c7e00000, 0x00000000c7e00000|100%| E|  |TAMS 0x00000000c7d00000| PB 0x00000000c7d00000| Complete 
|  86|0x00000000c7e00000, 0x00000000c7f00000, 0x00000000c7f00000|100%| E|CS|TAMS 0x00000000c7e00000| PB 0x00000000c7e00000| Complete 
|  87|0x00000000c7f00000, 0x00000000c8000000, 0x00000000c8000000|100%| E|CS|TAMS 0x00000000c7f00000| PB 0x00000000c7f00000| Complete 
|  88|0x00000000c8000000, 0x00000000c8100000, 0x00000000c8100000|100%| E|CS|TAMS 0x00000000c8000000| PB 0x00000000c8000000| Complete 
|  89|0x00000000c8100000, 0x00000000c8200000, 0x00000000c8200000|100%| E|CS|TAMS 0x00000000c8100000| PB 0x00000000c8100000| Complete 
|  90|0x00000000c8200000, 0x00000000c8300000, 0x00000000c8300000|100%| E|CS|TAMS 0x00000000c8200000| PB 0x00000000c8200000| Complete 
|  91|0x00000000c8300000, 0x00000000c8400000, 0x00000000c8400000|100%| E|CS|TAMS 0x00000000c8300000| PB 0x00000000c8300000| Complete 
|  92|0x00000000c8400000, 0x00000000c8500000, 0x00000000c8500000|100%| E|CS|TAMS 0x00000000c8400000| PB 0x00000000c8400000| Complete 
|  93|0x00000000c8500000, 0x00000000c8600000, 0x00000000c8600000|100%| E|CS|TAMS 0x00000000c8500000| PB 0x00000000c8500000| Complete 
|  94|0x00000000c8600000, 0x00000000c8700000, 0x00000000c8700000|100%| E|CS|TAMS 0x00000000c8600000| PB 0x00000000c8600000| Complete 

Card table byte_map: [0x000001c1dd090000,0x000001c1dd280000] _byte_map_base: 0x000001c1dca7c000

Marking Bits: (CMBitMap*) 0x000001c1cfb951c0
 Bits: [0x000001c1dd280000, 0x000001c1de1e0000)

Polling page: 0x000001c1cfc20000

Metaspace:

Usage:
  Non-class:     34.61 MB used.
      Class:      5.62 MB used.
       Both:     40.23 MB used.

Virtual space:
  Non-class space:       64.00 MB reserved,      34.94 MB ( 55%) committed,  1 nodes.
      Class space:        1.00 GB reserved,       5.94 MB ( <1%) committed,  1 nodes.
             Both:        1.06 GB reserved,      40.88 MB (  4%) committed. 

Chunk freelists:
   Non-Class:  12.65 MB
       Class:  10.10 MB
        Both:  22.75 MB

MaxMetaspaceSize: unlimited
CompressedClassSpaceSize: 1.00 GB
Initial GC threshold: 21.00 MB
Current GC threshold: 67.62 MB
CDS: on
 - commit_granule_bytes: 65536.
 - commit_granule_words: 8192.
 - virtual_space_node_default_size: 8388608.
 - enlarge_chunks_in_place: 1.
 - use_allocation_guard: 0.


Internal statistics:

num_allocs_failed_limit: 6.
num_arena_births: 1012.
num_arena_deaths: 346.
num_vsnodes_births: 2.
num_vsnodes_deaths: 0.
num_space_committed: 654.
num_space_uncommitted: 0.
num_chunks_returned_to_freelist: 421.
num_chunks_taken_from_freelist: 2733.
num_chunk_merges: 93.
num_chunk_splits: 1619.
num_chunks_enlarged: 1127.
num_inconsistent_stats: 0.

CodeCache: size=49152Kb used=10442Kb max_used=10736Kb free=38709Kb
 bounds [0x000001c1d9a00000, 0x000001c1da520000, 0x000001c1dca00000]
 total_blobs=5772 nmethods=5190 adapters=506
 compilation: enabled
              stopped_count=0, restarted_count=0
 full_count=0

Compilation events (20 events):
Event: 479.945 Thread 0x000001c1e07a35c0 6963       1       ch.qos.logback.core.pattern.PatternLayoutBase::writeLoopOnConverters (39 bytes)
Event: 479.945 Thread 0x000001c1e07a35c0 nmethod 6963 0x000001c1da454e10 code [0x000001c1da454fe0, 0x000001c1da455258]
Event: 479.946 Thread 0x000001c1e07a35c0 6964       1       org.springframework.context.event.GenericApplicationListenerAdapter::supportsSourceType (33 bytes)
Event: 479.946 Thread 0x000001c1e07a35c0 nmethod 6964 0x000001c1da36ca10 code [0x000001c1da36cbc0, 0x000001c1da36cd80]
Event: 479.991 Thread 0x000001c1e07a35c0 6965       1       org.springframework.aop.support.AopUtils::getTargetClass (55 bytes)
Event: 479.992 Thread 0x000001c1e07a35c0 nmethod 6965 0x000001c1da454610 code [0x000001c1da454800, 0x000001c1da454be0]
Event: 483.942 Thread 0x000001c1e07a35c0 6966       1       org.springframework.beans.factory.FactoryBean::isSingleton (2 bytes)
Event: 483.943 Thread 0x000001c1e07a35c0 nmethod 6966 0x000001c1da081510 code [0x000001c1da0816a0, 0x000001c1da081768]
Event: 484.083 Thread 0x000001c1e07a35c0 6967       1       java.net.InetAddress::holder (5 bytes)
Event: 484.084 Thread 0x000001c1e07a35c0 nmethod 6967 0x000001c1da084010 code [0x000001c1da0841a0, 0x000001c1da084268]
Event: 484.085 Thread 0x000001c1e07a35c0 6968       1       java.net.NetworkInterface$1::nextElement (37 bytes)
Event: 484.085 Thread 0x000001c1e07a35c0 nmethod 6968 0x000001c1da36d810 code [0x000001c1da36d9c0, 0x000001c1da36db68]
Event: 484.111 Thread 0x000001c1e07a35c0 6969       1       org.apache.tomcat.util.threads.ThreadPoolExecutor::runStateAtLeast (11 bytes)
Event: 484.127 Thread 0x000001c1e07a35c0 nmethod 6969 0x000001c1da096510 code [0x000001c1da0966a0, 0x000001c1da096758]
Event: 484.165 Thread 0x000001c1e07a35c0 6970       1       org.apache.tomcat.util.collections.ManagedConcurrentWeakHashMap$Key::<init> (15 bytes)
Event: 484.165 Thread 0x000001c1e07a35c0 nmethod 6970 0x000001c1da376a90 code [0x000001c1da376c40, 0x000001c1da376e10]
Event: 484.170 Thread 0x000001c1e07a35c0 6971       1       org.apache.catalina.core.StandardContext::getInstanceManager (5 bytes)
Event: 484.170 Thread 0x000001c1e07a35c0 nmethod 6971 0x000001c1da0aae10 code [0x000001c1da0aafa0, 0x000001c1da0ab070]
Event: 484.191 Thread 0x000001c1e07a35c0 6972       1       java.lang.Thread::isTerminated (16 bytes)
Event: 484.192 Thread 0x000001c1e07a35c0 nmethod 6972 0x000001c1da2e1890 code [0x000001c1da2e1a40, 0x000001c1da2e1b48]

GC Heap History (20 events):
Event: 338.145 GC heap after
{Heap after GC invocations=16 (full 2):
 garbage-first heap   total 55296K, used 25222K [0x00000000c2800000, 0x0000000100000000)
  region size 1024K, 3 young (3072K), 3 survivors (3072K)
 Metaspace       used 40333K, committed 41280K, reserved 1114112K
  class space    used 5618K, committed 6016K, reserved 1048576K
}
Event: 340.401 GC heap before
{Heap before GC invocations=17 (full 2):
 garbage-first heap   total 55296K, used 43654K [0x00000000c2800000, 0x0000000100000000)
  region size 1024K, 22 young (22528K), 3 survivors (3072K)
 Metaspace       used 40408K, committed 41280K, reserved 1114112K
  class space    used 5633K, committed 6016K, reserved 1048576K
}
Event: 340.416 GC heap after
{Heap after GC invocations=18 (full 2):
 garbage-first heap   total 55296K, used 27702K [0x00000000c2800000, 0x0000000100000000)
  region size 1024K, 3 young (3072K), 3 survivors (3072K)
 Metaspace       used 40408K, committed 41280K, reserved 1114112K
  class space    used 5633K, committed 6016K, reserved 1048576K
}
Event: 364.045 GC heap before
{Heap before GC invocations=18 (full 2):
 garbage-first heap   total 55296K, used 41014K [0x00000000c2800000, 0x0000000100000000)
  region size 1024K, 17 young (17408K), 3 survivors (3072K)
 Metaspace       used 40482K, committed 41280K, reserved 1114112K
  class space    used 5640K, committed 6016K, reserved 1048576K
}
Event: 364.473 GC heap after
{Heap after GC invocations=19 (full 3):
 garbage-first heap   total 55296K, used 23115K [0x00000000c2800000, 0x0000000100000000)
  region size 1024K, 0 young (0K), 0 survivors (0K)
 Metaspace       used 40477K, committed 41280K, reserved 1114112K
  class space    used 5639K, committed 6016K, reserved 1048576K
}
Event: 370.059 GC heap before
{Heap before GC invocations=19 (full 3):
 garbage-first heap   total 55296K, used 45643K [0x00000000c2800000, 0x0000000100000000)
  region size 1024K, 22 young (22528K), 0 survivors (0K)
 Metaspace       used 40550K, committed 41280K, reserved 1114112K
  class space    used 5653K, committed 6016K, reserved 1048576K
}
Event: 370.070 GC heap after
{Heap after GC invocations=20 (full 3):
 garbage-first heap   total 55296K, used 25279K [0x00000000c2800000, 0x0000000100000000)
  region size 1024K, 3 young (3072K), 3 survivors (3072K)
 Metaspace       used 40550K, committed 41280K, reserved 1114112K
  class space    used 5653K, committed 6016K, reserved 1048576K
}
Event: 374.791 GC heap before
{Heap before GC invocations=20 (full 3):
 garbage-first heap   total 55296K, used 44735K [0x00000000c2800000, 0x0000000100000000)
  region size 1024K, 23 young (23552K), 3 survivors (3072K)
 Metaspace       used 40912K, committed 41536K, reserved 1114112K
  class space    used 5719K, committed 6016K, reserved 1048576K
}
Event: 375.210 GC heap after
{Heap after GC invocations=21 (full 3):
 garbage-first heap   total 55296K, used 26476K [0x00000000c2800000, 0x0000000100000000)
  region size 1024K, 2 young (2048K), 2 survivors (2048K)
 Metaspace       used 40912K, committed 41536K, reserved 1114112K
  class space    used 5719K, committed 6016K, reserved 1048576K
}
Event: 376.584 GC heap before
{Heap before GC invocations=21 (full 3):
 garbage-first heap   total 55296K, used 43884K [0x00000000c2800000, 0x0000000100000000)
  region size 1024K, 19 young (19456K), 2 survivors (2048K)
 Metaspace       used 40957K, committed 41536K, reserved 1114112K
  class space    used 5731K, committed 6016K, reserved 1048576K
}
Event: 376.596 GC heap after
{Heap after GC invocations=22 (full 3):
 garbage-first heap   total 55296K, used 27962K [0x00000000c2800000, 0x0000000100000000)
  region size 1024K, 3 young (3072K), 3 survivors (3072K)
 Metaspace       used 40957K, committed 41536K, reserved 1114112K
  class space    used 5731K, committed 6016K, reserved 1048576K
}
Event: 377.705 GC heap before
{Heap before GC invocations=23 (full 3):
 garbage-first heap   total 55296K, used 41274K [0x00000000c2800000, 0x0000000100000000)
  region size 1024K, 17 young (17408K), 3 survivors (3072K)
 Metaspace       used 41023K, committed 41664K, reserved 1114112K
  class space    used 5734K, committed 6016K, reserved 1048576K
}
Event: 377.884 GC heap after
{Heap after GC invocations=24 (full 3):
 garbage-first heap   total 55296K, used 29067K [0x00000000c2800000, 0x0000000100000000)
  region size 1024K, 3 young (3072K), 3 survivors (3072K)
 Metaspace       used 41023K, committed 41664K, reserved 1114112K
  class space    used 5734K, committed 6016K, reserved 1048576K
}
Event: 389.098 GC heap before
{Heap before GC invocations=24 (full 3):
 garbage-first heap   total 55296K, used 40331K [0x00000000c2800000, 0x0000000100000000)
  region size 1024K, 14 young (14336K), 3 survivors (3072K)
 Metaspace       used 41058K, committed 41664K, reserved 1114112K
  class space    used 5740K, committed 6016K, reserved 1048576K
}
Event: 389.159 GC heap after
{Heap after GC invocations=25 (full 3):
 garbage-first heap   total 55296K, used 29788K [0x00000000c2800000, 0x0000000100000000)
  region size 1024K, 2 young (2048K), 2 survivors (2048K)
 Metaspace       used 41058K, committed 41664K, reserved 1114112K
  class space    used 5740K, committed 6016K, reserved 1048576K
}
Event: 471.973 GC heap before
{Heap before GC invocations=25 (full 3):
 garbage-first heap   total 55296K, used 33884K [0x00000000c2800000, 0x0000000100000000)
  region size 1024K, 7 young (7168K), 2 survivors (2048K)
 Metaspace       used 41060K, committed 41664K, reserved 1114112K
  class space    used 5740K, committed 6016K, reserved 1048576K
}
Event: 473.301 GC heap after
{Heap after GC invocations=26 (full 4):
 garbage-first heap   total 55296K, used 23490K [0x00000000c2800000, 0x0000000100000000)
  region size 1024K, 0 young (0K), 0 survivors (0K)
 Metaspace       used 41055K, committed 41664K, reserved 1114112K
  class space    used 5739K, committed 6016K, reserved 1048576K
}
Event: 478.311 GC heap before
{Heap before GC invocations=26 (full 4):
 garbage-first heap   total 55296K, used 46018K [0x00000000c2800000, 0x0000000100000000)
  region size 1024K, 23 young (23552K), 0 survivors (0K)
 Metaspace       used 41126K, committed 41792K, reserved 1114112K
  class space    used 5753K, committed 6080K, reserved 1048576K
}
Event: 478.331 GC heap after
{Heap after GC invocations=27 (full 4):
 garbage-first heap   total 97280K, used 26040K [0x00000000c2800000, 0x0000000100000000)
  region size 1024K, 3 young (3072K), 3 survivors (3072K)
 Metaspace       used 41126K, committed 41792K, reserved 1114112K
  class space    used 5753K, committed 6080K, reserved 1048576K
}
Event: 484.195 GC heap before
{Heap before GC invocations=27 (full 4):
 garbage-first heap   total 97280K, used 49592K [0x00000000c2800000, 0x0000000100000000)
  region size 1024K, 28 young (28672K), 3 survivors (3072K)
 Metaspace       used 41196K, committed 41856K, reserved 1114112K
  class space    used 5758K, committed 6080K, reserved 1048576K
}

Dll operation events (10 events):
Event: 0.025 Loaded shared library C:\Users\usuario\AppData\Roaming\Code\User\globalStorage\pleiades.java-extension-pack-jdk\java\21\bin\java.dll
Event: 0.345 Loaded shared library C:\Users\usuario\AppData\Roaming\Code\User\globalStorage\pleiades.java-extension-pack-jdk\java\21\bin\net.dll
Event: 0.350 Loaded shared library C:\Users\usuario\AppData\Roaming\Code\User\globalStorage\pleiades.java-extension-pack-jdk\java\21\bin\nio.dll
Event: 0.368 Loaded shared library C:\Users\usuario\AppData\Roaming\Code\User\globalStorage\pleiades.java-extension-pack-jdk\java\21\bin\zip.dll
Event: 0.571 Loaded shared library C:\Users\usuario\AppData\Roaming\Code\User\globalStorage\pleiades.java-extension-pack-jdk\java\21\bin\jimage.dll
Event: 1.453 Loaded shared library C:\Users\usuario\AppData\Roaming\Code\User\globalStorage\pleiades.java-extension-pack-jdk\java\21\bin\management.dll
Event: 1.466 Loaded shared library C:\Users\usuario\AppData\Roaming\Code\User\globalStorage\pleiades.java-extension-pack-jdk\java\21\bin\management_ext.dll
Event: 4.037 Loaded shared library C:\Users\usuario\AppData\Roaming\Code\User\globalStorage\pleiades.java-extension-pack-jdk\java\21\bin\verify.dll
Event: 6.129 Loaded shared library C:\Users\usuario\AppData\Roaming\Code\User\globalStorage\pleiades.java-extension-pack-jdk\java\21\bin\sunmscapi.dll
Event: 14.950 Loaded shared library C:\Users\usuario\AppData\Roaming\Code\User\globalStorage\pleiades.java-extension-pack-jdk\java\21\bin\extnet.dll

Deoptimization events (6 events):
Event: 9.938 Thread 0x000001c1e55ce8e0 DEOPT PACKING pc=0x000001c1d9d2ad64 sp=0x0000007568df8410
Event: 9.938 Thread 0x000001c1e55ce8e0 DEOPT UNPACKING pc=0x000001c1d9a54e42 sp=0x0000007568df78d8 mode 0
Event: 10.505 Thread 0x000001c1e55ce8e0 DEOPT PACKING pc=0x000001c1d9f1de59 sp=0x0000007568dfbb20
Event: 10.505 Thread 0x000001c1e55ce8e0 DEOPT UNPACKING pc=0x000001c1d9a54e42 sp=0x0000007568dfb028 mode 3
Event: 15.054 Thread 0x000001c1e55ce8e0 DEOPT PACKING pc=0x000001c1d9eba49c sp=0x0000007568dfc850
Event: 15.054 Thread 0x000001c1e55ce8e0 DEOPT UNPACKING pc=0x000001c1d9a54e42 sp=0x0000007568dfbda8 mode 0

Classes loaded (20 events):
Event: 150.904 Loading class sun/net/spi/DefaultProxySelector$1
Event: 150.908 Loading class sun/net/spi/DefaultProxySelector$1 done
Event: 150.939 Loading class sun/net/spi/DefaultProxySelector$NonProxyInfo
Event: 150.942 Loading class sun/net/spi/DefaultProxySelector$NonProxyInfo done
Event: 150.946 Loading class sun/net/spi/DefaultProxySelector$3
Event: 150.956 Loading class sun/net/spi/DefaultProxySelector$3 done
Event: 150.967 Loading class java/util/concurrent/locks/AbstractQueuedSynchronizer$SharedNode
Event: 150.969 Loading class java/util/concurrent/locks/AbstractQueuedSynchronizer$SharedNode done
Event: 152.142 Loading class java/lang/ref/Finalizer$2
Event: 152.145 Loading class java/lang/ref/Finalizer$2 done
Event: 152.145 Loading class java/lang/ref/Finalizer$1
Event: 152.230 Loading class java/lang/ref/Finalizer$1 done
Event: 341.122 Loading class java/time/DurationEditor
Event: 341.126 Loading class java/time/DurationEditor done
Event: 372.526 Loading class java/lang/invoke/WrongMethodTypeException
Event: 372.532 Loading class java/lang/invoke/WrongMethodTypeException done
Event: 376.948 Loading class java/lang/invoke/MethodHandleImpl$CountingWrapper$1
Event: 376.951 Loading class java/lang/invoke/MethodHandleImpl$CountingWrapper$1 done
Event: 377.940 Loading class java/time/DurationEditor
Event: 377.943 Loading class java/time/DurationEditor done

Classes unloaded (20 events):
Event: 338.221 Thread 0x000001c1e077f930 Unloading class 0x000001c1811c0000 'java/lang/invoke/LambdaForm$MH+0x000001c1811c0000'
Event: 364.099 Thread 0x000001c1e077f930 Unloading class 0x000001c1815d8800 'org/apache/catalina/loader/JdbcLeakPrevention'
Event: 364.099 Thread 0x000001c1e077f930 Unloading class 0x000001c1811ec400 'java/lang/invoke/LambdaForm$MH+0x000001c1811ec400'
Event: 376.690 Thread 0x000001c1e077f930 Unloading class 0x000001c1814b5000 'java/lang/invoke/LambdaForm$MH+0x000001c1814b5000'
Event: 376.690 Thread 0x000001c1e077f930 Unloading class 0x000001c1814fc800 'java/lang/invoke/LambdaForm$MH+0x000001c1814fc800'
Event: 376.690 Thread 0x000001c1e077f930 Unloading class 0x000001c1814fe800 'java/lang/invoke/LambdaForm$MH+0x000001c1814fe800'
Event: 376.690 Thread 0x000001c1e077f930 Unloading class 0x000001c181505000 'java/lang/invoke/LambdaForm$MH+0x000001c181505000'
Event: 376.690 Thread 0x000001c1e077f930 Unloading class 0x000001c181505c00 'java/lang/invoke/LambdaForm$MH+0x000001c181505c00'
Event: 376.690 Thread 0x000001c1e077f930 Unloading class 0x000001c181515800 'java/lang/invoke/LambdaForm$MH+0x000001c181515800'
Event: 376.690 Thread 0x000001c1e077f930 Unloading class 0x000001c181559400 'java/lang/invoke/LambdaForm$MH+0x000001c181559400'
Event: 376.690 Thread 0x000001c1e077f930 Unloading class 0x000001c181559c00 'java/lang/invoke/LambdaForm$BMH+0x000001c181559c00'
Event: 376.690 Thread 0x000001c1e077f930 Unloading class 0x000001c18156a000 'java/lang/invoke/LambdaForm$MH+0x000001c18156a000'
Event: 376.690 Thread 0x000001c1e077f930 Unloading class 0x000001c181588000 'java/lang/invoke/LambdaForm$MH+0x000001c181588000'
Event: 376.690 Thread 0x000001c1e077f930 Unloading class 0x000001c181588800 'java/lang/invoke/LambdaForm$BMH+0x000001c181588800'
Event: 376.690 Thread 0x000001c1e077f930 Unloading class 0x000001c181598800 'java/lang/invoke/LambdaForm$MH+0x000001c181598800'
Event: 376.690 Thread 0x000001c1e077f930 Unloading class 0x000001c1815b4400 'java/lang/invoke/LambdaForm$MH+0x000001c1815b4400'
Event: 376.690 Thread 0x000001c1e077f930 Unloading class 0x000001c1815cc000 'java/lang/invoke/LambdaForm$MH+0x000001c1815cc000'
Event: 376.690 Thread 0x000001c1e077f930 Unloading class 0x000001c1815cd800 'java/lang/invoke/LambdaForm$MH+0x000001c1815cd800'
Event: 472.585 Thread 0x000001c1e077f930 Unloading class 0x000001c181504000 'org/apache/catalina/loader/JdbcLeakPrevention'
Event: 472.585 Thread 0x000001c1e077f930 Unloading class 0x000001c1815cf800 'org/apache/catalina/loader/JdbcLeakPrevention'

Classes redefined (0 events):
No events

Internal exceptions (20 events):
Event: 372.543 Thread 0x000001c1e64608b0 Exception <a 'java/lang/InterruptedException'{0x00000000c5972160}: sleep interrupted> (0x00000000c5972160) 
thrown [s\src\hotspot\share\prims\jvm.cpp, line 3074]
Event: 372.548 Thread 0x000001c1e645f500 Exception <a 'java/lang/InterruptedException'{0x00000000c4eaa5b8}: sleep interrupted> (0x00000000c4eaa5b8) 
thrown [s\src\hotspot\share\prims\jvm.cpp, line 3074]
Event: 372.865 Thread 0x000001c1e64615d0 Exception <a 'java/lang/NoClassDefFoundError'{0x00000000c4d7e230}: liquibase/exception/ChangeLogParseException> (0x00000000c4d7e230) 
thrown [s\src\hotspot\share\classfile\systemDictionary.cpp, line 301]
Event: 374.750 Thread 0x000001c1e645e7e0 Exception <a 'sun/nio/fs/WindowsException'{0x00000000c4b34320}> (0x00000000c4b34320) 
thrown [s\src\hotspot\share\prims\jni.cpp, line 520]
Event: 376.962 Thread 0x000001c1e645e7e0 Exception <a 'java/lang/NoClassDefFoundError'{0x00000000c5bbd668}: org/flywaydb/core/Flyway> (0x00000000c5bbd668) 
thrown [s\src\hotspot\share\oops\constantPool.cpp, line 873]
Event: 376.962 Thread 0x000001c1e645e7e0 Exception <a 'java/lang/NoClassDefFoundError'{0x00000000c5bbdcc8}: liquibase/integration/spring/SpringLiquibase> (0x00000000c5bbdcc8) 
thrown [s\src\hotspot\share\oops\constantPool.cpp, line 873]
Event: 377.434 Thread 0x000001c1e645e7e0 Exception <a 'java/io/FileNotFoundException'{0x00000000c54be398}> (0x00000000c54be398) 
thrown [s\src\hotspot\share\prims\jni.cpp, line 520]
Event: 377.533 Thread 0x000001c1e645e7e0 Exception <a 'java/io/FileNotFoundException'{0x00000000c526afa0}> (0x00000000c526afa0) 
thrown [s\src\hotspot\share\prims\jni.cpp, line 520]
Event: 377.611 Thread 0x000001c1e645e7e0 Exception <a 'java/net/BindException'{0x00000000c51902b0}: Address already in use: bind> (0x00000000c51902b0) 
thrown [s\src\hotspot\share\prims\jni.cpp, line 539]
Event: 377.946 Thread 0x000001c1e645e7e0 Exception <a 'java/lang/NoSuchMethodError'{0x00000000c5cbc6d8}: 'void java.lang.invoke.DelegatingMethodHandle$Holder.reinvoke_L(java.lang.Object, java.lang.Object, int)'> (0x00000000c5cbc6d8) 
thrown [s\src\hotspot\share\interpreter\linkResolver.cpp, line 773]
Event: 470.715 Thread 0x000001c1e645e150 Exception <a 'java/lang/InterruptedException'{0x00000000c5b537a0}: sleep interrupted> (0x00000000c5b537a0) 
thrown [s\src\hotspot\share\prims\jvm.cpp, line 3074]
Event: 471.875 Thread 0x000001c1e6461c60 Exception <a 'java/lang/InterruptedException'{0x00000000c595a518}: sleep interrupted> (0x00000000c595a518) 
thrown [s\src\hotspot\share\prims\jvm.cpp, line 3074]
Event: 473.843 Thread 0x000001c1e0c20470 Exception <a 'sun/nio/fs/WindowsException'{0x00000000c6579be0}> (0x00000000c6579be0) 
thrown [s\src\hotspot\share\prims\jni.cpp, line 520]
Event: 478.269 Thread 0x000001c1e0c20470 Exception <a 'java/lang/NoClassDefFoundError'{0x00000000c48ffd00}: org/flywaydb/core/Flyway> (0x00000000c48ffd00) 
thrown [s\src\hotspot\share\oops\constantPool.cpp, line 873]
Event: 478.269 Thread 0x000001c1e0c20470 Exception <a 'java/lang/NoClassDefFoundError'{0x00000000c4700370}: liquibase/integration/spring/SpringLiquibase> (0x00000000c4700370) 
thrown [s\src\hotspot\share\oops\constantPool.cpp, line 873]
Event: 478.903 Thread 0x000001c1e0c20470 Exception <a 'java/io/FileNotFoundException'{0x00000000c7d95630}> (0x00000000c7d95630) 
thrown [s\src\hotspot\share\prims\jni.cpp, line 520]
Event: 478.980 Thread 0x000001c1e0c20470 Exception <a 'java/io/FileNotFoundException'{0x00000000c7b41ef8}> (0x00000000c7b41ef8) 
thrown [s\src\hotspot\share\prims\jni.cpp, line 520]
Event: 479.053 Thread 0x000001c1e0c20470 Exception <a 'java/net/BindException'{0x00000000c7a9d138}: Address already in use: bind> (0x00000000c7a9d138) 
thrown [s\src\hotspot\share\prims\jni.cpp, line 539]
Event: 484.160 Thread 0x000001c1e0c21eb0 Exception <a 'java/lang/InterruptedException'{0x00000000c8338378}: sleep interrupted> (0x00000000c8338378) 
thrown [s\src\hotspot\share\prims\jvm.cpp, line 3074]
Event: 484.193 Thread 0x000001c1e0c1ea30 Exception <a 'java/lang/InterruptedException'{0x00000000c6e32890}: sleep interrupted> (0x00000000c6e32890) 
thrown [s\src\hotspot\share\prims\jvm.cpp, line 3074]

ZGC Phase Switch (0 events):
No events

VM Operations (20 events):
Event: 473.302 Executing VM operation: G1CollectFull (System.gc()) done
Event: 474.317 Executing VM operation: Cleanup
Event: 474.417 Executing VM operation: Cleanup done
Event: 475.420 Executing VM operation: Cleanup
Event: 475.436 Executing VM operation: Cleanup done
Event: 476.440 Executing VM operation: Cleanup
Event: 476.522 Executing VM operation: Cleanup done
Event: 477.523 Executing VM operation: Cleanup
Event: 477.538 Executing VM operation: Cleanup done
Event: 478.311 Executing VM operation: G1CollectForAllocation (G1 Evacuation Pause)
Event: 478.331 Executing VM operation: G1CollectForAllocation (G1 Evacuation Pause) done
Event: 479.343 Executing VM operation: Cleanup
Event: 479.360 Executing VM operation: Cleanup done
Event: 480.362 Executing VM operation: Cleanup
Event: 480.362 Executing VM operation: Cleanup done
Event: 481.395 Executing VM operation: HandshakeAllThreads (HandshakeForDeflation)
Event: 481.396 Executing VM operation: HandshakeAllThreads (HandshakeForDeflation) done
Event: 481.396 Executing VM operation: RendezvousGCThreads
Event: 481.396 Executing VM operation: RendezvousGCThreads done
Event: 484.194 Executing VM operation: G1CollectFull (System.gc())

Events (20 events):
Event: 479.944 Thread 0x000001c1e645c080 Thread added: 0x000001c1e645c080
Event: 479.944 Thread 0x000001c1e64608b0 Thread added: 0x000001c1e64608b0
Event: 479.997 Thread 0x000001c1e0c20470 Thread exited: 0x000001c1e0c20470
Event: 479.997 Thread 0x000001c1e0c21820 Thread exited: 0x000001c1e0c21820
Event: 483.477 Thread 0x000001c1e6460220 Thread added: 0x000001c1e6460220
Event: 483.477 Thread 0x000001c1e0c1f750 Thread exited: 0x000001c1e0c1f750
Event: 484.101 Thread 0x000001c1e64608b0 Thread exited: 0x000001c1e64608b0
Event: 484.104 Thread 0x000001c1e645c080 Thread exited: 0x000001c1e645c080
Event: 484.107 Thread 0x000001c1e6462980 Thread exited: 0x000001c1e6462980
Event: 484.107 Thread 0x000001c1e645e7e0 Thread exited: 0x000001c1e645e7e0
Event: 484.107 Thread 0x000001c1e0c20b00 Thread exited: 0x000001c1e0c20b00
Event: 484.107 Thread 0x000001c1e6463010 Thread exited: 0x000001c1e6463010
Event: 484.111 Thread 0x000001c1e6460f40 Thread exited: 0x000001c1e6460f40
Event: 484.111 Thread 0x000001c1e645fb90 Thread exited: 0x000001c1e645fb90
Event: 484.118 Thread 0x000001c1e6461c60 Thread exited: 0x000001c1e6461c60
Event: 484.119 Thread 0x000001c1e64615d0 Thread exited: 0x000001c1e64615d0
Event: 484.125 Thread 0x000001c1e645f500 Thread exited: 0x000001c1e645f500
Event: 484.150 Thread 0x000001c1e645e150 Thread exited: 0x000001c1e645e150
Event: 484.160 Thread 0x000001c1e0c21eb0 Thread exited: 0x000001c1e0c21eb0
Event: 484.194 Thread 0x000001c1e0c1ea30 Thread exited: 0x000001c1e0c1ea30


Dynamic libraries:
0x00007ff7fd5c0000 - 0x00007ff7fd5ce000 	C:\Users\usuario\AppData\Roaming\Code\User\globalStorage\pleiades.java-extension-pack-jdk\java\21\bin\java.exe
0x00007ff896790000 - 0x00007ff896988000 	C:\Windows\SYSTEM32\ntdll.dll
0x00007ff895040000 - 0x00007ff8950fd000 	C:\Windows\System32\KERNEL32.DLL
0x00007ff894340000 - 0x00007ff894636000 	C:\Windows\System32\KERNELBASE.dll
0x00007ff893fa0000 - 0x00007ff8940a0000 	C:\Windows\System32\ucrtbase.dll
0x00007ff88ca60000 - 0x00007ff88ca78000 	C:\Users\usuario\AppData\Roaming\Code\User\globalStorage\pleiades.java-extension-pack-jdk\java\21\bin\jli.dll
0x00007ff8956f0000 - 0x00007ff89588f000 	C:\Windows\System32\USER32.dll
0x00007ff893f70000 - 0x00007ff893f92000 	C:\Windows\System32\win32u.dll
0x00007ff895100000 - 0x00007ff89512b000 	C:\Windows\System32\GDI32.dll
0x00007ff893e50000 - 0x00007ff893f67000 	C:\Windows\System32\gdi32full.dll
0x00007ff8940a0000 - 0x00007ff89413d000 	C:\Windows\System32\msvcp_win.dll
0x00007ff88a230000 - 0x00007ff88a24b000 	C:\Users\usuario\AppData\Roaming\Code\User\globalStorage\pleiades.java-extension-pack-jdk\java\21\bin\VCRUNTIME140.dll
0x00007ff8813a0000 - 0x00007ff88163a000 	C:\Windows\WinSxS\amd64_microsoft.windows.common-controls_6595b64144ccf1df_6.0.19041.4355_none_60b8b9eb71f62e16\COMCTL32.dll
0x00007ff8952e0000 - 0x00007ff89537e000 	C:\Windows\System32\msvcrt.dll
0x00007ff895390000 - 0x00007ff8953bf000 	C:\Windows\System32\IMM32.DLL
0x00007ff88ec40000 - 0x00007ff88ec4c000 	C:\Users\usuario\AppData\Roaming\Code\User\globalStorage\pleiades.java-extension-pack-jdk\java\21\bin\vcruntime140_1.dll
0x00007ff8716f0000 - 0x00007ff87177e000 	C:\Users\usuario\AppData\Roaming\Code\User\globalStorage\pleiades.java-extension-pack-jdk\java\21\bin\msvcp140.dll
0x00007ff8127f0000 - 0x00007ff813572000 	C:\Users\usuario\AppData\Roaming\Code\User\globalStorage\pleiades.java-extension-pack-jdk\java\21\bin\server\jvm.dll
0x00007ff8955e0000 - 0x00007ff895690000 	C:\Windows\System32\ADVAPI32.dll
0x00007ff8966b0000 - 0x00007ff896750000 	C:\Windows\System32\sechost.dll
0x00007ff895440000 - 0x00007ff895563000 	C:\Windows\System32\RPCRT4.dll
0x00007ff894640000 - 0x00007ff894667000 	C:\Windows\System32\bcrypt.dll
0x00007ff896510000 - 0x00007ff89657b000 	C:\Windows\System32\WS2_32.dll
0x00007ff893b80000 - 0x00007ff893bcb000 	C:\Windows\SYSTEM32\POWRPROF.dll
0x00007ff8810e0000 - 0x00007ff881107000 	C:\Windows\SYSTEM32\WINMM.dll
0x00007ff881700000 - 0x00007ff88170a000 	C:\Windows\SYSTEM32\VERSION.dll
0x00007ff893b60000 - 0x00007ff893b72000 	C:\Windows\SYSTEM32\UMPDC.dll
0x00007ff891c90000 - 0x00007ff891ca2000 	C:\Windows\SYSTEM32\kernel.appcore.dll
0x00007ff88e800000 - 0x00007ff88e80a000 	C:\Users\usuario\AppData\Roaming\Code\User\globalStorage\pleiades.java-extension-pack-jdk\java\21\bin\jimage.dll
0x00007ff87ebb0000 - 0x00007ff87ed94000 	C:\Windows\SYSTEM32\DBGHELP.DLL
0x00007ff87d380000 - 0x00007ff87d3b4000 	C:\Windows\SYSTEM32\dbgcore.DLL
0x00007ff894240000 - 0x00007ff8942c2000 	C:\Windows\System32\bcryptPrimitives.dll
0x00007ff889e00000 - 0x00007ff889e1f000 	C:\Users\usuario\AppData\Roaming\Code\User\globalStorage\pleiades.java-extension-pack-jdk\java\21\bin\java.dll
0x00007ff895c60000 - 0x00007ff8963cc000 	C:\Windows\System32\SHELL32.dll
0x00007ff891e90000 - 0x00007ff89262d000 	C:\Windows\SYSTEM32\windows.storage.dll
0x00007ff895900000 - 0x00007ff895c53000 	C:\Windows\System32\combase.dll
0x00007ff8936c0000 - 0x00007ff8936ee000 	C:\Windows\SYSTEM32\Wldp.dll
0x00007ff894d50000 - 0x00007ff894e1d000 	C:\Windows\System32\OLEAUT32.dll
0x00007ff894830000 - 0x00007ff8948dd000 	C:\Windows\System32\SHCORE.dll
0x00007ff8947d0000 - 0x00007ff894825000 	C:\Windows\System32\shlwapi.dll
0x00007ff893d80000 - 0x00007ff893da4000 	C:\Windows\SYSTEM32\profapi.dll
0x00007ff88a220000 - 0x00007ff88a230000 	C:\Users\usuario\AppData\Roaming\Code\User\globalStorage\pleiades.java-extension-pack-jdk\java\21\bin\net.dll
0x00007ff88bd80000 - 0x00007ff88be8a000 	C:\Windows\SYSTEM32\WINHTTP.dll
0x00007ff8934a0000 - 0x00007ff89350a000 	C:\Windows\system32\mswsock.dll
0x00007ff889d00000 - 0x00007ff889d16000 	C:\Users\usuario\AppData\Roaming\Code\User\globalStorage\pleiades.java-extension-pack-jdk\java\21\bin\nio.dll
0x00007ff889ce0000 - 0x00007ff889cf8000 	C:\Users\usuario\AppData\Roaming\Code\User\globalStorage\pleiades.java-extension-pack-jdk\java\21\bin\zip.dll
0x00007ff882890000 - 0x00007ff88289a000 	C:\Users\usuario\AppData\Roaming\Code\User\globalStorage\pleiades.java-extension-pack-jdk\java\21\bin\management.dll
0x00007ff882880000 - 0x00007ff88288b000 	C:\Users\usuario\AppData\Roaming\Code\User\globalStorage\pleiades.java-extension-pack-jdk\java\21\bin\management_ext.dll
0x00007ff8955d0000 - 0x00007ff8955d8000 	C:\Windows\System32\PSAPI.DLL
0x00007ff889ab0000 - 0x00007ff889ac0000 	C:\Users\usuario\AppData\Roaming\Code\User\globalStorage\pleiades.java-extension-pack-jdk\java\21\bin\verify.dll
0x00007ff882870000 - 0x00007ff88287e000 	C:\Users\usuario\AppData\Roaming\Code\User\globalStorage\pleiades.java-extension-pack-jdk\java\21\bin\sunmscapi.dll
0x00007ff894670000 - 0x00007ff8947ce000 	C:\Windows\System32\CRYPT32.dll
0x00007ff893730000 - 0x00007ff893759000 	C:\Windows\SYSTEM32\ncrypt.dll
0x00007ff8936f0000 - 0x00007ff89372b000 	C:\Windows\SYSTEM32\NTASN1.dll
0x00007ff893a10000 - 0x00007ff893a28000 	C:\Windows\SYSTEM32\CRYPTSP.dll
0x00007ff892de0000 - 0x00007ff892e14000 	C:\Windows\system32\rsaenh.dll
0x00007ff893cf0000 - 0x00007ff893d1e000 	C:\Windows\SYSTEM32\USERENV.dll
0x00007ff893630000 - 0x00007ff89363c000 	C:\Windows\SYSTEM32\CRYPTBASE.dll
0x00007ff8931a0000 - 0x00007ff8931db000 	C:\Windows\SYSTEM32\IPHLPAPI.DLL
0x00007ff895890000 - 0x00007ff895898000 	C:\Windows\System32\NSI.dll
0x00007ff882320000 - 0x00007ff882329000 	C:\Users\usuario\AppData\Roaming\Code\User\globalStorage\pleiades.java-extension-pack-jdk\java\21\bin\extnet.dll
0x00007ff86d600000 - 0x00007ff86d607000 	C:\Windows\system32\wshunix.dll

dbghelp: loaded successfully - version: 4.0.5 - missing functions: none
symbol engine: initialized successfully - sym options: 0x614 - pdb path: .;C:\Users\usuario\AppData\Roaming\Code\User\globalStorage\pleiades.java-extension-pack-jdk\java\21\bin;C:\Windows\SYSTEM32;C:\Windows\WinSxS\amd64_microsoft.windows.common-controls_6595b64144ccf1df_6.0.19041.4355_none_60b8b9eb71f62e16;C:\Users\usuario\AppData\Roaming\Code\User\globalStorage\pleiades.java-extension-pack-jdk\java\21\bin\server

VM Arguments:
jvm_args: -Dstdout.encoding=UTF-8 -Dstderr.encoding=UTF-8 -XX:TieredStopAtLevel=1 
java_command: com.api.ejemplo.apidocker.ApidockerApplication
java_class_path (initial): C:\fondo\fondosBackend-main\target\classes;C:\Users\usuario\.m2\repository\org\hibernate\orm\hibernate-core\6.4.4.Final\hibernate-core-6.4.4.Final.jar;C:\Users\usuario\.m2\repository\jakarta\persistence\jakarta.persistence-api\3.1.0\jakarta.persistence-api-3.1.0.jar;C:\Users\usuario\.m2\repository\jakarta\transaction\jakarta.transaction-api\2.0.1\jakarta.transaction-api-2.0.1.jar;C:\Users\usuario\.m2\repository\org\jboss\logging\jboss-logging\3.5.3.Final\jboss-logging-3.5.3.Final.jar;C:\Users\usuario\.m2\repository\org\hibernate\common\hibernate-commons-annotations\6.0.6.Final\hibernate-commons-annotations-6.0.6.Final.jar;C:\Users\usuario\.m2\repository\io\smallrye\jandex\3.1.2\jandex-3.1.2.jar;C:\Users\usuario\.m2\repository\com\fasterxml\classmate\1.6.0\classmate-1.6.0.jar;C:\Users\usuario\.m2\repository\net\bytebuddy\byte-buddy\1.14.13\byte-buddy-1.14.13.jar;C:\Users\usuario\.m2\repository\jakarta\xml\bind\jakarta.xml.bind-api\4.0.2\jakarta.xml.bind-api-4.0.2.jar;C:\Users\usuario\.m2\repository\jakarta\activation\jakarta.activation-api\2.1.3\jakarta.activation-api-2.1.3.jar;C:\Users\usuario\.m2\repository\org\glassfish\jaxb\jaxb-runtime\4.0.5\jaxb-runtime-4.0.5.jar;C:\Users\usuario\.m2\repository\org\glassfish\jaxb\jaxb-core\4.0.5\jaxb-core-4.0.5.jar;C:\Users\usuario\.m2\repository\org\eclipse\angus\angus-activation\2.0.2\angus-activation-2.0.2.jar;C:\Users\usuario\.m2\repository\org\glassfish\jaxb\txw2\4.0.5\txw2-4.0.5.jar;C:\Users\usuario\.m2\repository\com\sun\istack\istack-commons-runtime\4.1.2\istack-commons-runtime-4.1.2.jar;C:\Users\usuario\.m2\repository\jakarta\inject\jakarta.inject-api\2.0.1\jakarta.inject-api-2.0.1.jar;C:\Users\usuario\.m2\repository\org\antlr\antlr4-runtime\4.13.0\antlr4-runtime-4.13.0.jar;C:\Users\usuario\.m2\repository\org\springframework\data\spring-data-jpa\3.2.5\spring-data-jpa-3.2.5.jar;C:\Users\usuario\.m2\repository\org\springframework\data\spring-data-commons\3.2.5\spring-data-commons-3.2.5.jar;C:\Users\usuario\.m2\repository\org\springframework\spring-orm\6.1.6\spring-orm-6.1.6.jar;C:\Users\usuario\.m2\repository\org\springframework\spring-jdbc\6.1.6\spring-jdbc-6.1.6.jar;C:\Users\usuario\.m2\repository\org\springframework\spring-context\6.1.6\spring-context-6.1.6.jar;C:\Users\usuario\.m2\repository\org\springframework\spring-expression\6.1.6\spring-expression-6.1.6.jar;C:\Users\usuario\.m2\repository\io\micrometer\micrometer-observation\1.12.5\micrometer-observation-1.12.5.jar;C:\Users\usuario\.m2\repository\io\micrometer\micrometer-commons\1.12.5\micrometer-commons-1.12.5.jar;C:\Users\usuario\.m2\repository\org\springframework\spring-aop\6.1.6\spring-aop-6.1.6.jar;C:\Users\usuario\.m2\repository\org\springframework\spring-tx\6.1.6\spring-tx-6.1.6.jar;C:\Users\usuario\.m2\repository\org\springframework\spring-beans\6.1.6\spring-beans-6.1.6.jar;C:\Users\usuario\.m2\repository\org\springframework\spring-core\6.1.6\spring-core-6.1.6.jar;C:\Users\usuario\.m2\repository\org\springframework\spring-jcl\6.1.6\spring-jcl-6.1.6.jar;C:\Users\usuario\.m2\repository\jakarta\annotation\jakarta.annotation-api\2.1.1\jakarta.annotation-api-2.1.1.jar;C:\Users\usuario\.m2\repository\org\slf4j\slf4j-api\2.0.13\slf4j-api-2.0.13.jar;C:\Users\usuario\.m2\repository\ch\qos\logback\logback-classic\1.4.14\logback-classic-1.4.14.jar;C:\Users\usuario\.m2\repository\ch\qos\logback\logback-core\1.4.14\logback-core-1.4.14.jar;C:\Users\usuario\.m2\repository\org\apache\logging\log4j\log4j-to-slf4j\2.21.1\log4j-to-slf4j-2.21.1.jar;C:\Users\usuario\.m2\repository\org\apache\logging\log4j\log4j-api\2.21.1\log4j-api-2.21.1.jar;C:\Users\usuario\.m2\repository\org\slf4j\jul-to-slf4j\2.0.13\jul-to-slf4j-2.0.13.jar;C:\Users\usuario\.m2\repository\org\yaml\snakeyaml\2.2\snakeyaml-2.2.jar;C:\Users\usuario\.m2\repository\com\fasterxml\jackson\datatype\jackson-datatype-jdk8\2.15.4\jackson-datatype-jdk8-2.15.4.jar;C:\Users\usuario\.m2\repository\com\fasterxml\jackson\datatype\jackson-datatype-jsr310\2.15.4\jackson-datatype-jsr310-2.15.4.jar;C:\Users\usuario\.m2\repository\com\fasterxml\jackson\module\jackson-module-parameter-names\2.15.4\jackson-module-parameter-names-2.15.4.jar;C:\Users\usuario\.m2\repository\org\apache\tomcat\embed\tomcat-embed-core\10.1.20\tomcat-embed-core-10.1.20.jar;C:\Users\usuario\.m2\repository\org\apache\tomcat\embed\tomcat-embed-el\10.1.20\tomcat-embed-el-10.1.20.jar;C:\Users\usuario\.m2\repository\org\apache\tomcat\embed\tomcat-embed-websocket\10.1.20\tomcat-embed-websocket-10.1.20.jar;C:\Users\usuario\.m2\repository\org\springframework\spring-web\6.1.6\spring-web-6.1.6.jar;C:\Users\usuario\.m2\repository\org\springframework\spring-webmvc\6.1.6\spring-webmvc-6.1.6.jar;C:\Users\usuario\.m2\repository\org\springframework\boot\spring-boot-devtools\3.2.5\spring-boot-devtools-3.2.5.jar;C:\Users\usuario\.m2\repository\org\springframework\boot\spring-boot\3.2.5\spring-boot-3.2.5.jar;C:\Users\usuario\.m2\repository\org\springframework\boot\spring-boot-autoconfigure\3.2.5\spring-boot-autoconfigure-3.2.5.jar;C:\Users\usuario\.m2\repository\com\amazonaws\aws-java-sdk-dynamodb\1.12.92\aws-java-sdk-dynamodb-1.12.92.jar;C:\Users\usuario\.m2\repository\com\amazonaws\aws-java-sdk-s3\1.12.92\aws-java-sdk-s3-1.12.92.jar;C:\Users\usuario\.m2\repository\com\amazonaws\aws-java-sdk-kms\1.12.92\aws-java-sdk-kms-1.12.92.jar;C:\Users\usuario\.m2\repository\com\amazonaws\jmespath-java\1.12.92\jmespath-java-1.12.92.jar;C:\Users\usuario\.m2\repository\com\amazonaws\aws-java-sdk-core\1.12.92\aws-java-sdk-core-1.12.92.jar;C:\Users\usuario\.m2\repository\commons-logging\commons-logging\1.1.3\commons-logging-1.1.3.jar;C:\Users\usuario\.m2\repository\commons-codec\commons-codec\1.16.1\commons-codec-1.16.1.jar;C:\Users\usuario\.m2\repository\org\apache\httpcomponents\httpclient\4.5.13\httpclient-4.5.13.jar;C:\Users\usuario\.m2\repository\org\apache\httpcomponents\httpcore\4.4.16\httpcore-4.4.16.jar;C:\Users\usuario\.m2\repository\software\amazon\ion\ion-java\1.0.2\ion-java-1.0.2.jar;C:\Users\usuario\.m2\repository\com\fasterxml\jackson\core\jackson-databind\2.15.4\jackson-databind-2.15.4.jar;C:\Users\usuario\.m2\repository\com\fasterxml\jackson\core\jackson-annotations\2.15.4\jackson-annotations-2.15.4.jar;C:\Users\usuario\.m2\repository\com\fasterxml\jackson\core\jackson-core\2.15.4\jackson-core-2.15.4.jar;C:\Users\usuario\.m2\repository\com\fasterxml\jackson\dataformat\jackson-dataformat-cbor\2.15.4\jackson-dataformat-cbor-2.15.4.jar;C:\Users\usuario\.m2\repository\joda-time\joda-time\2.8.1\joda-time-2.8.1.jar;C:\Users\usuario\.m2\repository\com\github\derjust\spring-data-dynamodb\5.1.0\spring-data-dynamodb-5.1.0.jar;C:\Users\usuario\.m2\repository\org\hibernate\validator\hibernate-validator\8.0.1.Final\hibernate-validator-8.0.1.Final.jar;C:\Users\usuario\.m2\repository\jakarta\validation\jakarta.validation-api\3.0.2\jakarta.validation-api-3.0.2.jar;C:\Users\usuario\.m2\repository\javax\enterprise\cdi-api\1.2\cdi-api-1.2.jar;C:\Users\usuario\.m2\repository\javax\el\javax.el-api\3.0.0\javax.el-api-3.0.0.jar;C:\Users\usuario\.m2\repository\javax\interceptor\javax.interceptor-api\1.2\javax.interceptor-api-1.2.jar;C:\Users\usuario\.m2\repository\javax\inject\javax.inject\1\javax.inject-1.jar;C:\Users\usuario\.m2\repository\software\amazon\awssdk\dynamodb\2.26.7\dynamodb-2.26.7.jar;C:\Users\usuario\.m2\repository\software\amazon\awssdk\aws-json-protocol\2.26.7\aws-json-protocol-2.26.7.jar;C:\Users\usuario\.m2\repository\software\amazon\awssdk\third-party-jackson-core\2.26.7\third-party-jackson-core-2.26.7.jar;C:\Users\usuario\.m2\repository\software\amazon\awssdk\protocol-core\2.26.7\protocol-core-2.26.7.jar;C:\Users\usuario\.m2\repository\software\amazon\awssdk\profiles\2.26.7\profiles-2.26.7.jar;C:\Users\usuario\.m2\repository\software\amazon\awssdk\retries-spi\2.26.7\retries-spi-2.26.7.jar;C:\Users\usuario\.m2\repository\software\amazon\awssdk\http-auth-aws\2.26.7\http-auth-aws-2.26.7.jar;C:\Users\usuario\.m2\repository\software\amazon\awssdk\checksums-spi\2.26.7\checksums-spi-2.26.7.jar;C:\Users\usuario\.m2\repository\software\amazon\awssdk\checksums\2.26.7\checksums-2.26.7.jar;C:\Users\usuario\.m2\repository\software\amazon\awssdk\sdk-core\2.26.7\sdk-core-2.26.7.jar;C:\Users\usuario\.m2\repository\software\amazon\awssdk\retries\2.26.7\retries-2.26.7.jar;C:\Users\usuario\.m2\repository\org\reactivestreams\reactive-streams\1.0.4\reactive-streams-1.0.4.jar;C:\Users\usuario\.m2\repository\software\amazon\awssdk\auth\2.26.7\auth-2.26.7.jar;C:\Users\usuario\.m2\repository\software\amazon\eventstream\eventstream\1.0.1\eventstream-1.0.1.jar;C:\Users\usuario\.m2\repository\software\amazon\awssdk\http-auth-spi\2.26.7\http-auth-spi-2.26.7.jar;C:\Users\usuario\.m2\repository\software\amazon\awssdk\http-auth\2.26.7\http-auth-2.26.7.jar;C:\Users\usuario\.m2\repository\software\amazon\awssdk\identity-spi\2.26.7\identity-spi-2.26.7.jar;C:\Users\usuario\.m2\repository\software\amazon\awssdk\http-client-spi\2.26.7\http-client-spi-2.26.7.jar;C:\Users\usuario\.m2\repository\software\amazon\awssdk\regions\2.26.7\regions-2.26.7.jar;C:\Users\usuario\.m2\repository\software\amazon\awssdk\annotations\2.26.7\annotations-2.26.7.jar;C:\Users\usuario\.m2\repository\software\amazon\awssdk\utils\2.26.7\utils-2.26.7.jar;C:\Users\usuario\.m2\repository\software\amazon\awssdk\aws-core\2.26.7\aws-core-2.26.7.jar;C:\Users\usuario\.m2\repository\software\amazon\awssdk\metrics-spi\2.26.7\metrics-spi-2.26.7.jar;C:\Users\usuario\.m2\repository\software\amazon\awssdk\json-utils\2.26.7\json-utils-2.26.7.jar;C:\Users\usuario\.m2\repository\software\amazon\awssdk\endpoints-spi\2.26.7\endpoints-spi-2.26.7.jar;C:\Users\usuario\.m2\repository\software\amazon\awssdk\apache-client\2.26.7\apache-client-2.26.7.jar;C:\Users\usuario\.m2\repository\software\amazon\awssdk\netty-nio-client\2.26.7\netty-nio-client-2.26.7.jar;C:\Users\usuario\.m2\repository\io\netty\netty-codec-http\4.1.109.Final\netty-codec-http-4.1.109.Final.jar;C:\Users\usuario\.m2\repository\io\netty\netty-codec-http2\4.1.109.Final\netty-codec-http2-4.1.109.Final.jar;C:\Users\usuario\.m2\repository\io\netty\netty-codec\4.1.109.Final\netty-codec-4.1.109.Final.jar;C:\Users\usuario\.m2\repository\io\netty\netty-transport\4.1.109.Final\netty-transport-4.1.109.Final.jar;C:\Users\usuario\.m2\repository\io\netty\netty-common\4.1.109.Final\netty-common-4.1.109.Final.jar;C:\Users\usuario\.m2\repository\io\netty\netty-buffer\4.1.109.Final\netty-buffer-4.1.109.Final.jar;C:\Users\usuario\.m2\repository\io\netty\netty-handler\4.1.109.Final\netty-handler-4.1.109.Final.jar;C:\Users\usuario\.m2\repository\io\netty\netty-transport-native-unix-common\4.1.109.Final\netty-transport-native-unix-common-4.1.109.Final.jar;C:\Users\usuario\.m2\repository\io\netty\netty-transport-classes-epoll\4.1.109.Final\netty-transport-classes-epoll-4.1.109.Final.jar;C:\Users\usuario\.m2\repository\io\netty\netty-resolver\4.1.109.Final\netty-resolver-4.1.109.Final.jar
Launcher Type: SUN_STANDARD

[Global flags]
     intx CICompilerCount                          = 3                                         {product} {ergonomic}
     uint ConcGCThreads                            = 1                                         {product} {ergonomic}
     uint G1ConcRefinementThreads                  = 4                                         {product} {ergonomic}
   size_t G1HeapRegionSize                         = 1048576                                   {product} {ergonomic}
    uintx GCDrainStackTargetSize                   = 64                                        {product} {ergonomic}
   size_t InitialHeapSize                          = 65011712                                  {product} {ergonomic}
   size_t MarkStackSize                            = 4194304                                   {product} {ergonomic}
   size_t MaxHeapSize                              = 1031798784                                {product} {ergonomic}
   size_t MaxNewSize                               = 618659840                                 {product} {ergonomic}
   size_t MinHeapDeltaBytes                        = 1048576                                   {product} {ergonomic}
   size_t MinHeapSize                              = 8388608                                   {product} {ergonomic}
    uintx NonNMethodCodeHeapSize                   = 4096                                   {pd product} {ergonomic}
    uintx NonProfiledCodeHeapSize                  = 0                                      {pd product} {ergonomic}
     bool ProfileInterpreter                       = false                                  {pd product} {command line}
    uintx ProfiledCodeHeapSize                     = 0                                      {pd product} {ergonomic}
   size_t SoftMaxHeapSize                          = 1031798784                             {manageable} {ergonomic}
     intx TieredStopAtLevel                        = 1                                         {product} {command line}
     bool UseCompressedOops                        = true                           {product lp64_product} {ergonomic}
     bool UseG1GC                                  = true                                      {product} {ergonomic}
     bool UseLargePagesIndividualAllocation        = false                                  {pd product} {ergonomic}

Logging:
Log output configuration:
 #0: stdout all=warning uptime,level,tags foldmultilines=false
 #1: stderr all=off uptime,level,tags foldmultilines=false

Environment Variables:
JAVA_HOME=C:\Users\usuario\AppData\Roaming\Code\User\globalStorage\pleiades.java-extension-pack-jdk\java\21
JAVA_TOOL_OPTIONS=-Dstdout.encoding=UTF-8 -Dstderr.encoding=UTF-8
PATH=C:\Users\usuario\AppData\Roaming\Code\User\globalStorage\pleiades.java-extension-pack-jdk\gradle\latest\bin;C:\Users\usuario\AppData\Roaming\Code\User\globalStorage\pleiades.java-extension-pack-jdk\maven\latest\bin;C:\Users\usuario\AppData\Roaming\Code\User\globalStorage\pleiades.java-extension-pack-jdk\java\21\bin;C:\Ruby32-x64\bin;C:\app\usuario\product\21c\dbhomeXE\bin;C:\Program Files\Common Files\Oracle\Java\javapath;C:\Program Files (x86)\Common Files\Oracle\Java\javapath;C:\Python311\Scripts\;C:\Python311\;C:\Windows\system32;C:\Windows;C:\Windows\System32\Wbem;C:\Windows\System32\WindowsPowerShell\v1.0\;C:\Windows\System32\OpenSSH\;C:\Users\usuario\AppData\Roaming\nvm;C:\Program Files\nodejs;C:\Program Files\Git\cmd;C:\Program Files\nodejs\;C:\ProgramData\chocolatey\bin;C:\Program Files\Microsoft SQL Server\150\Tools\Binn\;C:\Program Files\Microsoft SQL Server\Client SDK\ODBC\170\Tools\Binn\;C:\Program Files\dotnet\;C:\spring\jdk-17.0.2\bin;C:\spring\jdk-18.0.2\bin;C:\Program Files\PuTTY\;C:\xampp\php;C:\ProgramData\ComposerSetup\bin;C:\curl;C:\Program Files\MySQL\MySQL Server 8.3\bin;;C:\Program Files\Docker\Docker\resources\bin;C:\Users\usuario\AppData\Local\Microsoft\WindowsApps;C:\Users\usuario\AppData\Roaming\nvm;C:\Program Files\nodejs;C:\Users\usuario\AppData\Local\Programs\Microsoft VS Code\bin;C:\Users\usuario\AppData\Roaming\npm;C:\Users\usuario\.dotnet\tools;C:\Program Files\JetBrains\IntelliJ IDEA Community Edition 2024.1\bin;;C:\spring\jdk-18.0.2\bin;C:\Program Files\JetBrains\IntelliJ IDEA 2024.1.1\bin;;C:\Users\usuario\AppData\Roaming\Composer\vendor\bin;C:\Program Files\RabbitMQ Server\rabbitmq_server-3.13.2\sbin;C:\curl;
USERNAME=usuario
LANG=en_US.UTF-8
OS=Windows_NT
PROCESSOR_IDENTIFIER=Intel64 Family 6 Model 78 Stepping 3, GenuineIntel
TMP=C:\Users\usuario\AppData\Local\Temp
TEMP=C:\Users\usuario\AppData\Local\Temp




Periodic native trim disabled

---------------  S Y S T E M  ---------------

OS:
 Windows 10 , 64 bit Build 19041 (10.0.19041.3636)
OS uptime: 0 days 10:22 hours
Hyper-V role detected

CPU: total 4 (initial active 4) (2 cores per cpu, 2 threads per core) family 6 model 78 stepping 3 microcode 0xcc, cx8, cmov, fxsr, ht, mmx, 3dnowpref, sse, sse2, sse3, ssse3, sse4.1, sse4.2, popcnt, lzcnt, tsc, tscinvbit, avx, avx2, aes, erms, clmul, bmi1, bmi2, adx, fma, vzeroupper, clflush, clflushopt, hv, rdtscp, f16c
Processor Information for all 4 processors :
  Max Mhz: 2400, Current Mhz: 2300, Mhz Limit: 2280

Memory: 4k page, system-wide physical 3934M (16M free)
TotalPageFile size 16222M (AvailPageFile size 9M)
current process WorkingSet (physical memory assigned to process): 75M, peak: 164M
current process commit charge ("private bytes"): 246M, peak: 248M

vm_info: OpenJDK 64-Bit Server VM (21.0.3+9-LTS) for windows-amd64 JRE (21.0.3+9-LTS), built on 2024-04-16T00:00:00Z by "admin" with MS VC++ 17.7 (VS2022)

END.
