#
# There is insufficient memory for the Java Runtime Environment to continue.
# Native memory allocation (malloc) failed to allocate 510896 bytes. Error detail: Chunk::new
# Possible reasons:
#   The system is out of physical RAM or swap space
#   This process is running with CompressedOops enabled, and the Java Heap may be blocking the growth of the native heap
# Possible solutions:
#   Reduce memory load on the system
#   Increase physical memory or swap space
#   Check if swap backing store is full
#   Decrease Java heap size (-Xmx/-Xms)
#   Decrease number of Java threads
#   Decrease Java thread stack sizes (-Xss)
#   Set larger code cache with -XX:ReservedCodeCacheSize=
#   JVM is running with Unscaled Compressed Oops mode in which the Java heap is
#     placed in the first 4GB address space. The Java Heap base address is the
#     maximum limit for the native heap growth. Please use -XX:HeapBaseMinAddress
#     to set the Java Heap base and to place the Java Heap above 4GB virtual address.
# This output file may be truncated or incomplete.
#
#  Out of Memory Error (arena.cpp:191), pid=7940, tid=3228
#
# JRE version: OpenJDK Runtime Environment Temurin-17.0.11+9 (17.0.11+9) (build 17.0.11+9)
# Java VM: OpenJDK 64-Bit Server VM Temurin-17.0.11+9 (17.0.11+9, mixed mode, tiered, compressed oops, compressed class ptrs, parallel gc, windows-amd64)
# No core dump will be written. Minidumps are not enabled by default on client versions of Windows
#

---------------  S U M M A R Y ------------

Command Line: --add-modules=ALL-SYSTEM --add-opens=java.base/java.util=ALL-UNNAMED --add-opens=java.base/java.lang=ALL-UNNAMED --add-opens=java.base/sun.nio.fs=ALL-UNNAMED -Declipse.application=org.eclipse.jdt.ls.core.id1 -Dosgi.bundles.defaultStartLevel=4 -Declipse.product=org.eclipse.jdt.ls.core.product -Djava.import.generatesMetadataFilesAtProjectRoot=false -DDetectVMInstallationsJob.disabled=true -Dfile.encoding=utf8 -XX:+UseParallelGC -XX:GCTimeRatio=4 -XX:AdaptiveSizePolicyWeight=90 -Dsun.zip.disableMemoryMapping=true -Xmx1G -Xms100m -Xlog:disable -javaagent:c:\Users\usuario\.vscode\extensions\redhat.java-1.31.0-win32-x64\lombok\lombok-1.18.32.jar c:\Users\usuario\.vscode\extensions\redhat.java-1.31.0-win32-x64\server\plugins\org.eclipse.equinox.launcher_1.6.800.v20240513-1750.jar -configuration c:\Users\usuario\AppData\Roaming\Code\User\globalStorage\redhat.java\1.31.0\config_ss_win -data c:\Users\usuario\AppData\Roaming\Code\User\workspaceStorage\dc5f4341a29ea34dd71a81b23711d127\redhat.java\ss_ws --pipe=\\.\pipe\lsp-94ff39574e2695052ba7d3dac694127c-sock

Host: Intel(R) Core(TM) i5-6200U CPU @ 2.30GHz, 4 cores, 3G,  Windows 10 , 64 bit Build 19041 (10.0.19041.3636)
Time: Mon Jun 24 05:13:19 2024 Hora est. Pacífico, Sudamérica elapsed time: 43.785388 seconds (0d 0h 0m 43s)

---------------  T H R E A D  ---------------

Current thread (0x00000200796ad6c0):  JavaThread "C2 CompilerThread0" daemon [_thread_in_native, id=3228, stack(0x0000003a1bd00000,0x0000003a1be00000)]


Current CompileTask:
C2:  43785 4362       4       jdk.internal.jimage.ImageReader$SharedImageReader::makeDirectories (54 bytes)

Stack: [0x0000003a1bd00000,0x0000003a1be00000]
Native frames: (J=compiled Java code, j=interpreted, Vv=VM code, C=native code)
V  [jvm.dll+0x67d429]
V  [jvm.dll+0x834b7a]
V  [jvm.dll+0x83663e]
V  [jvm.dll+0x836ca3]
V  [jvm.dll+0x247dbf]
V  [jvm.dll+0xac534]
V  [jvm.dll+0xacb7c]
V  [jvm.dll+0x3665f2]
V  [jvm.dll+0x1bd086]
V  [jvm.dll+0x21a5c9]
V  [jvm.dll+0x2198b1]
V  [jvm.dll+0x1a534d]
V  [jvm.dll+0x2295cd]
V  [jvm.dll+0x22779c]
V  [jvm.dll+0x7e9d07]
V  [jvm.dll+0x7e410a]
V  [jvm.dll+0x67c315]
C  [ucrtbase.dll+0x21bb2]
C  [KERNEL32.DLL+0x17344]
C  [ntdll.dll+0x4cc91]


---------------  P R O C E S S  ---------------

Threads class SMR info:
_java_thread_list=0x00000200157ba750, length=32, elements={
0x00000200795f5740, 0x00000200796a49c0, 0x00000200796a82f0, 0x00000200796a90f0,
0x00000200796a9f70, 0x00000200796aadf0, 0x00000200796ac920, 0x00000200796ad6c0,
0x000002000f3fe9a0, 0x0000020014597670, 0x0000020014618370, 0x0000020014935a40,
0x0000020015004170, 0x0000020014fd88d0, 0x00000200150678e0, 0x000002001512c400,
0x0000020014e50a50, 0x0000020014e523a0, 0x0000020014e52dc0, 0x0000020014e537e0,
0x0000020014e51470, 0x0000020014e51980, 0x0000020014e528b0, 0x0000020014e54200,
0x0000020014e51e90, 0x0000020014e532d0, 0x0000020015c688f0, 0x0000020015c6b170,
0x0000020015c69820, 0x0000020015c679c0, 0x0000020015c6bb90, 0x0000020015c6a750
}

Java Threads: ( => current thread )
  0x00000200795f5740 JavaThread "main" [_thread_blocked, id=364, stack(0x0000003a1b400000,0x0000003a1b500000)]
  0x00000200796a49c0 JavaThread "Reference Handler" daemon [_thread_blocked, id=9644, stack(0x0000003a1b700000,0x0000003a1b800000)]
  0x00000200796a82f0 JavaThread "Finalizer" daemon [_thread_blocked, id=15556, stack(0x0000003a1b800000,0x0000003a1b900000)]
  0x00000200796a90f0 JavaThread "Signal Dispatcher" daemon [_thread_blocked, id=16876, stack(0x0000003a1b900000,0x0000003a1ba00000)]
  0x00000200796a9f70 JavaThread "Attach Listener" daemon [_thread_blocked, id=14904, stack(0x0000003a1ba00000,0x0000003a1bb00000)]
  0x00000200796aadf0 JavaThread "Service Thread" daemon [_thread_blocked, id=7872, stack(0x0000003a1bb00000,0x0000003a1bc00000)]
  0x00000200796ac920 JavaThread "Monitor Deflation Thread" daemon [_thread_blocked, id=13148, stack(0x0000003a1bc00000,0x0000003a1bd00000)]
=>0x00000200796ad6c0 JavaThread "C2 CompilerThread0" daemon [_thread_in_native, id=3228, stack(0x0000003a1bd00000,0x0000003a1be00000)]
  0x000002000f3fe9a0 JavaThread "C1 CompilerThread0" daemon [_thread_in_vm, id=11248, stack(0x0000003a1be00000,0x0000003a1bf00000)]
  0x0000020014597670 JavaThread "Sweeper thread" daemon [_thread_blocked, id=2568, stack(0x0000003a1bf00000,0x0000003a1c000000)]
  0x0000020014618370 JavaThread "Common-Cleaner" daemon [_thread_blocked, id=14376, stack(0x0000003a1c000000,0x0000003a1c100000)]
  0x0000020014935a40 JavaThread "Notification Thread" daemon [_thread_blocked, id=9544, stack(0x0000003a1c100000,0x0000003a1c200000)]
  0x0000020015004170 JavaThread "Active Thread: Equinox Container: 9fbf3ae3-ecf5-4151-a255-9ee8b534593d" [_thread_blocked, id=7092, stack(0x0000003a1c600000,0x0000003a1c700000)]
  0x0000020014fd88d0 JavaThread "Framework Event Dispatcher: Equinox Container: 9fbf3ae3-ecf5-4151-a255-9ee8b534593d" daemon [_thread_blocked, id=13964, stack(0x0000003a1c700000,0x0000003a1c800000)]
  0x00000200150678e0 JavaThread "Start Level: Equinox Container: 9fbf3ae3-ecf5-4151-a255-9ee8b534593d" daemon [_thread_blocked, id=7932, stack(0x0000003a1c800000,0x0000003a1c900000)]
  0x000002001512c400 JavaThread "SCR Component Actor" daemon [_thread_blocked, id=3980, stack(0x0000003a1c900000,0x0000003a1ca00000)]
  0x0000020014e50a50 JavaThread "Worker-JM" [_thread_blocked, id=3532, stack(0x0000003a1cb00000,0x0000003a1cc00000)]
  0x0000020014e523a0 JavaThread "Worker-0: Publish Diagnostics" [_thread_in_vm, id=9256, stack(0x0000003a1cc00000,0x0000003a1cd00000)]
  0x0000020014e52dc0 JavaThread "Worker-1" [_thread_blocked, id=5380, stack(0x0000003a1cd00000,0x0000003a1ce00000)]
  0x0000020014e537e0 JavaThread "JNA Cleaner" daemon [_thread_blocked, id=15440, stack(0x0000003a1ca00000,0x0000003a1cb00000)]
  0x0000020014e51470 JavaThread "Thread-2" daemon [_thread_in_native, id=16216, stack(0x0000003a1ce00000,0x0000003a1cf00000)]
  0x0000020014e51980 JavaThread "Thread-3" daemon [_thread_in_native, id=13832, stack(0x0000003a1cf00000,0x0000003a1d000000)]
  0x0000020014e528b0 JavaThread "Thread-4" daemon [_thread_in_native, id=16360, stack(0x0000003a1d000000,0x0000003a1d100000)]
  0x0000020014e54200 JavaThread "Thread-5" daemon [_thread_in_native, id=15716, stack(0x0000003a1d100000,0x0000003a1d200000)]
  0x0000020014e51e90 JavaThread "Thread-6" daemon [_thread_in_native, id=17016, stack(0x0000003a1d200000,0x0000003a1d300000)]
  0x0000020014e532d0 JavaThread "pool-2-thread-1" [_thread_blocked, id=844, stack(0x0000003a1d300000,0x0000003a1d400000)]
  0x0000020015c688f0 JavaThread "WorkspaceEventsHandler" [_thread_blocked, id=4668, stack(0x0000003a1d400000,0x0000003a1d500000)]
  0x0000020015c6b170 JavaThread "pool-1-thread-1" [_thread_blocked, id=13400, stack(0x0000003a1d500000,0x0000003a1d600000)]
  0x0000020015c69820 JavaThread "ForkJoinPool.commonPool-worker-1" daemon [_thread_blocked, id=9516, stack(0x0000003a1d600000,0x0000003a1d700000)]
  0x0000020015c679c0 JavaThread "ForkJoinPool.commonPool-worker-2" daemon [_thread_blocked, id=14732, stack(0x0000003a1d700000,0x0000003a1d800000)]
  0x0000020015c6bb90 JavaThread "Worker-2" [_thread_blocked, id=8632, stack(0x0000003a1d800000,0x0000003a1d900000)]
  0x0000020015c6a750 JavaThread "ForkJoinPool.commonPool-worker-3" daemon [_thread_blocked, id=3972, stack(0x0000003a1d900000,0x0000003a1da00000)]

Other Threads:
  0x000002000f396370 VMThread "VM Thread" [stack: 0x0000003a1b600000,0x0000003a1b700000] [id=16492]
  0x00000200147dfbd0 WatcherThread [stack: 0x0000003a1c200000,0x0000003a1c300000] [id=15948]
  0x00000200796093b0 GCTaskThread "GC Thread#0" [stack: 0x0000003a1b500000,0x0000003a1b600000] [id=1112]
  0x0000020014d77020 GCTaskThread "GC Thread#1" [stack: 0x0000003a1c300000,0x0000003a1c400000] [id=15376]
  0x0000020014d79b00 GCTaskThread "GC Thread#2" [stack: 0x0000003a1c400000,0x0000003a1c500000] [id=4372]
  0x0000020014d79dc0 GCTaskThread "GC Thread#3" [stack: 0x0000003a1c500000,0x0000003a1c600000] [id=13228]

Threads with active compile tasks:
C2 CompilerThread0    43877 4362       4       jdk.internal.jimage.ImageReader$SharedImageReader::makeDirectories (54 bytes)

VM state: not at safepoint (normal execution)

VM Mutex/Monitor currently owned by a thread: None

Heap address: 0x00000000c0000000, size: 1024 MB, Compressed Oops mode: 32-bit

CDS archive(s) not mapped
Compressed class space mapped at: 0x0000000100000000-0x0000000140000000, reserved size: 1073741824
Narrow klass base: 0x0000000000000000, Narrow klass shift: 3, Narrow klass range: 0x140000000

GC Precious Log:
 CPUs: 4 total, 4 available
 Memory: 3934M
 Large Page Support: Disabled
 NUMA Support: Disabled
 Compressed Oops: Enabled (32-bit)
 Alignments: Space 512K, Generation 512K, Heap 2M
 Heap Min Capacity: 100M
 Heap Initial Capacity: 100M
 Heap Max Capacity: 1G
 Pre-touch: Disabled
 Parallel Workers: 4

Heap:
 PSYoungGen      total 23040K, used 14971K [0x00000000eab00000, 0x00000000ec300000, 0x0000000100000000)
  eden space 22016K, 63% used [0x00000000eab00000,0x00000000eb8bee60,0x00000000ec080000)
  from space 1024K, 87% used [0x00000000ec200000,0x00000000ec2e0000,0x00000000ec300000)
  to   space 1024K, 0% used [0x00000000ec080000,0x00000000ec080000,0x00000000ec180000)
 ParOldGen       total 68608K, used 29180K [0x00000000c0000000, 0x00000000c4300000, 0x00000000eab00000)
  object space 68608K, 42% used [0x00000000c0000000,0x00000000c1c7f270,0x00000000c4300000)
 Metaspace       used 45208K, committed 45952K, reserved 1114112K
  class space    used 4580K, committed 4928K, reserved 1048576K

Card table byte_map: [0x000002007dc40000,0x000002007de50000] _byte_map_base: 0x000002007d640000

Marking Bits: (ParMarkBitMap*) 0x00007ff82501d820
 Begin Bits: [0x000002007dfb0000, 0x000002007efb0000)
 End Bits:   [0x000002007efb0000, 0x000002007ffb0000)

Polling page: 0x00000200793d0000

Metaspace:

Usage:
  Non-class:     39.68 MB used.
      Class:      4.47 MB used.
       Both:     44.15 MB used.

Virtual space:
  Non-class space:       64.00 MB reserved,      40.06 MB ( 63%) committed,  1 nodes.
      Class space:        1.00 GB reserved,       4.81 MB ( <1%) committed,  1 nodes.
             Both:        1.06 GB reserved,      44.88 MB (  4%) committed. 

Chunk freelists:
   Non-Class:  7.75 MB
       Class:  11.20 MB
        Both:  18.95 MB

MaxMetaspaceSize: unlimited
CompressedClassSpaceSize: 1.00 GB
Initial GC threshold: 21.00 MB
Current GC threshold: 58.38 MB
CDS: off
MetaspaceReclaimPolicy: balanced
 - commit_granule_bytes: 65536.
 - commit_granule_words: 8192.
 - virtual_space_node_default_size: 8388608.
 - enlarge_chunks_in_place: 1.
 - new_chunks_are_fully_committed: 0.
 - uncommit_free_chunks: 1.
 - use_allocation_guard: 0.
 - handle_deallocations: 1.


Internal statistics:

num_allocs_failed_limit: 6.
num_arena_births: 418.
num_arena_deaths: 14.
num_vsnodes_births: 2.
num_vsnodes_deaths: 0.
num_space_committed: 718.
num_space_uncommitted: 0.
num_chunks_returned_to_freelist: 20.
num_chunks_taken_from_freelist: 1953.
num_chunk_merges: 8.
num_chunk_splits: 1258.
num_chunks_enlarged: 815.
num_inconsistent_stats: 0.

CodeHeap 'non-profiled nmethods': size=120000Kb used=2304Kb max_used=2304Kb free=117695Kb
 bounds [0x0000020007ad0000, 0x0000020007d40000, 0x000002000f000000]
CodeHeap 'profiled nmethods': size=120000Kb used=9907Kb max_used=9907Kb free=110092Kb
 bounds [0x0000020000000000, 0x00000200009b0000, 0x0000020007530000]
CodeHeap 'non-nmethods': size=5760Kb used=1328Kb max_used=1384Kb free=4431Kb
 bounds [0x0000020007530000, 0x00000200077a0000, 0x0000020007ad0000]
 total_blobs=5213 nmethods=4544 adapters=583
 compilation: enabled
              stopped_count=0, restarted_count=0
 full_count=0

Compilation events (20 events):
Event: 42.194 Thread 0x000002000f3fe9a0 4399       2       org.eclipse.jdt.internal.core.JavaProjectElementInfo::addSuperPackageNames (47 bytes)
Event: 42.194 Thread 0x000002000f3fe9a0 nmethod 4399 0x0000020000954390 code [0x0000020000954560, 0x00000200009549a8]
Event: 42.226 Thread 0x000002000f3fe9a0 4401       2       org.eclipse.core.internal.resources.Resource::equals (66 bytes)
Event: 42.227 Thread 0x000002000f3fe9a0 nmethod 4401 0x0000020000954b10 code [0x0000020000954ce0, 0x0000020000955008]
Event: 42.227 Thread 0x000002000f3fe9a0 4403   !   2       org.eclipse.jdt.internal.core.PackageFragmentRoot::getSourceModuleDescription (154 bytes)
Event: 42.229 Thread 0x000002000f3fe9a0 nmethod 4403 0x0000020000955190 code [0x0000020000955440, 0x0000020000955c38]
Event: 42.229 Thread 0x000002000f3fe9a0 4402       2       org.eclipse.jdt.internal.core.ModularClassFile::<init> (8 bytes)
Event: 42.229 Thread 0x000002000f3fe9a0 nmethod 4402 0x0000020000956510 code [0x00000200009566a0, 0x0000020000956838]
Event: 42.229 Thread 0x000002000f3fe9a0 4404       2       org.eclipse.jdt.internal.core.JavaProject::lambda$1 (19 bytes)
Event: 42.230 Thread 0x000002000f3fe9a0 nmethod 4404 0x0000020000956990 code [0x0000020000956b80, 0x0000020000956ee8]
Event: 42.230 Thread 0x000002000f3fe9a0 4405       2       org.eclipse.jdt.internal.compiler.classfmt.ClassFileReader::getConstantClassNameAt (33 bytes)
Event: 42.230 Thread 0x000002000f3fe9a0 nmethod 4405 0x0000020000957190 code [0x0000020000957340, 0x0000020000957588]
Event: 42.230 Thread 0x000002000f3fe9a0 4406       2       org.eclipse.jdt.internal.compiler.classfmt.ModuleInfo::createModule (21 bytes)
Event: 42.230 Thread 0x000002000f3fe9a0 nmethod 4406 0x0000020000957790 code [0x0000020000957920, 0x0000020000957ac8]
Event: 42.231 Thread 0x000002000f3fe9a0 4407       2       org.eclipse.jdt.internal.compiler.util.JRTUtil::getClassfile (33 bytes)
Event: 42.232 Thread 0x000002000f3fe9a0 nmethod 4407 0x0000020000957b90 code [0x0000020000957d60, 0x0000020000957ff8]
Event: 42.232 Thread 0x000002000f3fe9a0 4408       3       java.util.Arrays::hashCode (44 bytes)
Event: 42.232 Thread 0x000002000f3fe9a0 nmethod 4408 0x0000020000958210 code [0x00000200009583c0, 0x00000200009585d8]
Event: 42.232 Thread 0x000002000f3fe9a0 4409       2       org.eclipse.jdt.internal.core.JavaProject$ModuleLookup::getRoot (22 bytes)
Event: 42.233 Thread 0x000002000f3fe9a0 nmethod 4409 0x0000020000958710 code [0x00000200009588c0, 0x0000020000958ac8]

GC Heap History (20 events):
Event: 34.149 GC heap before
{Heap before GC invocations=12 (full 2):
 PSYoungGen      total 26624K, used 23552K [0x00000000eab00000, 0x00000000ec800000, 0x0000000100000000)
  eden space 23552K, 100% used [0x00000000eab00000,0x00000000ec200000,0x00000000ec200000)
  from space 3072K, 0% used [0x00000000ec280000,0x00000000ec280000,0x00000000ec580000)
  to   space 2560K, 0% used [0x00000000ec580000,0x00000000ec580000,0x00000000ec800000)
 ParOldGen       total 68608K, used 12384K [0x00000000c0000000, 0x00000000c4300000, 0x00000000eab00000)
  object space 68608K, 18% used [0x00000000c0000000,0x00000000c0c183d8,0x00000000c4300000)
 Metaspace       used 37704K, committed 38464K, reserved 1114112K
  class space    used 3821K, committed 4160K, reserved 1048576K
}
Event: 34.154 GC heap after
{Heap after GC invocations=12 (full 2):
 PSYoungGen      total 25088K, used 1759K [0x00000000eab00000, 0x00000000ec780000, 0x0000000100000000)
  eden space 23040K, 0% used [0x00000000eab00000,0x00000000eab00000,0x00000000ec180000)
  from space 2048K, 85% used [0x00000000ec580000,0x00000000ec737d30,0x00000000ec780000)
  to   space 2560K, 0% used [0x00000000ec280000,0x00000000ec280000,0x00000000ec500000)
 ParOldGen       total 68608K, used 12392K [0x00000000c0000000, 0x00000000c4300000, 0x00000000eab00000)
  object space 68608K, 18% used [0x00000000c0000000,0x00000000c0c1a3d8,0x00000000c4300000)
 Metaspace       used 37704K, committed 38464K, reserved 1114112K
  class space    used 3821K, committed 4160K, reserved 1048576K
}
Event: 34.451 GC heap before
{Heap before GC invocations=13 (full 2):
 PSYoungGen      total 25088K, used 24799K [0x00000000eab00000, 0x00000000ec780000, 0x0000000100000000)
  eden space 23040K, 100% used [0x00000000eab00000,0x00000000ec180000,0x00000000ec180000)
  from space 2048K, 85% used [0x00000000ec580000,0x00000000ec737d30,0x00000000ec780000)
  to   space 2560K, 0% used [0x00000000ec280000,0x00000000ec280000,0x00000000ec500000)
 ParOldGen       total 68608K, used 12392K [0x00000000c0000000, 0x00000000c4300000, 0x00000000eab00000)
  object space 68608K, 18% used [0x00000000c0000000,0x00000000c0c1a3d8,0x00000000c4300000)
 Metaspace       used 37784K, committed 38528K, reserved 1114112K
  class space    used 3827K, committed 4160K, reserved 1048576K
}
Event: 34.455 GC heap after
{Heap after GC invocations=13 (full 2):
 PSYoungGen      total 24576K, used 1856K [0x00000000eab00000, 0x00000000ec600000, 0x0000000100000000)
  eden space 22528K, 0% used [0x00000000eab00000,0x00000000eab00000,0x00000000ec100000)
  from space 2048K, 90% used [0x00000000ec280000,0x00000000ec450010,0x00000000ec480000)
  to   space 1536K, 0% used [0x00000000ec480000,0x00000000ec480000,0x00000000ec600000)
 ParOldGen       total 68608K, used 14101K [0x00000000c0000000, 0x00000000c4300000, 0x00000000eab00000)
  object space 68608K, 20% used [0x00000000c0000000,0x00000000c0dc5710,0x00000000c4300000)
 Metaspace       used 37784K, committed 38528K, reserved 1114112K
  class space    used 3827K, committed 4160K, reserved 1048576K
}
Event: 34.612 GC heap before
{Heap before GC invocations=14 (full 2):
 PSYoungGen      total 24576K, used 24384K [0x00000000eab00000, 0x00000000ec600000, 0x0000000100000000)
  eden space 22528K, 100% used [0x00000000eab00000,0x00000000ec100000,0x00000000ec100000)
  from space 2048K, 90% used [0x00000000ec280000,0x00000000ec450010,0x00000000ec480000)
  to   space 1536K, 0% used [0x00000000ec480000,0x00000000ec480000,0x00000000ec600000)
 ParOldGen       total 68608K, used 14101K [0x00000000c0000000, 0x00000000c4300000, 0x00000000eab00000)
  object space 68608K, 20% used [0x00000000c0000000,0x00000000c0dc5710,0x00000000c4300000)
 Metaspace       used 37851K, committed 38592K, reserved 1114112K
  class space    used 3831K, committed 4160K, reserved 1048576K
}
Event: 34.617 GC heap after
{Heap after GC invocations=14 (full 2):
 PSYoungGen      total 23552K, used 1536K [0x00000000eab00000, 0x00000000ec880000, 0x0000000100000000)
  eden space 22016K, 0% used [0x00000000eab00000,0x00000000eab00000,0x00000000ec080000)
  from space 1536K, 100% used [0x00000000ec480000,0x00000000ec600000,0x00000000ec600000)
  to   space 4096K, 0% used [0x00000000ec080000,0x00000000ec080000,0x00000000ec480000)
 ParOldGen       total 68608K, used 15909K [0x00000000c0000000, 0x00000000c4300000, 0x00000000eab00000)
  object space 68608K, 23% used [0x00000000c0000000,0x00000000c0f89720,0x00000000c4300000)
 Metaspace       used 37851K, committed 38592K, reserved 1114112K
  class space    used 3831K, committed 4160K, reserved 1048576K
}
Event: 34.716 GC heap before
{Heap before GC invocations=15 (full 2):
 PSYoungGen      total 23552K, used 23552K [0x00000000eab00000, 0x00000000ec880000, 0x0000000100000000)
  eden space 22016K, 100% used [0x00000000eab00000,0x00000000ec080000,0x00000000ec080000)
  from space 1536K, 100% used [0x00000000ec480000,0x00000000ec600000,0x00000000ec600000)
  to   space 4096K, 0% used [0x00000000ec080000,0x00000000ec080000,0x00000000ec480000)
 ParOldGen       total 68608K, used 15909K [0x00000000c0000000, 0x00000000c4300000, 0x00000000eab00000)
  object space 68608K, 23% used [0x00000000c0000000,0x00000000c0f89720,0x00000000c4300000)
 Metaspace       used 37908K, committed 38592K, reserved 1114112K
  class space    used 3831K, committed 4160K, reserved 1048576K
}
Event: 34.722 GC heap after
{Heap after GC invocations=15 (full 2):
 PSYoungGen      total 24064K, used 1568K [0x00000000eab00000, 0x00000000ec580000, 0x0000000100000000)
  eden space 22016K, 0% used [0x00000000eab00000,0x00000000eab00000,0x00000000ec080000)
  from space 2048K, 76% used [0x00000000ec080000,0x00000000ec208000,0x00000000ec280000)
  to   space 2560K, 0% used [0x00000000ec300000,0x00000000ec300000,0x00000000ec580000)
 ParOldGen       total 68608K, used 17405K [0x00000000c0000000, 0x00000000c4300000, 0x00000000eab00000)
  object space 68608K, 25% used [0x00000000c0000000,0x00000000c10ff720,0x00000000c4300000)
 Metaspace       used 37908K, committed 38592K, reserved 1114112K
  class space    used 3831K, committed 4160K, reserved 1048576K
}
Event: 35.673 GC heap before
{Heap before GC invocations=16 (full 2):
 PSYoungGen      total 24064K, used 23584K [0x00000000eab00000, 0x00000000ec580000, 0x0000000100000000)
  eden space 22016K, 100% used [0x00000000eab00000,0x00000000ec080000,0x00000000ec080000)
  from space 2048K, 76% used [0x00000000ec080000,0x00000000ec208000,0x00000000ec280000)
  to   space 2560K, 0% used [0x00000000ec300000,0x00000000ec300000,0x00000000ec580000)
 ParOldGen       total 68608K, used 17405K [0x00000000c0000000, 0x00000000c4300000, 0x00000000eab00000)
  object space 68608K, 25% used [0x00000000c0000000,0x00000000c10ff720,0x00000000c4300000)
 Metaspace       used 38752K, committed 39488K, reserved 1114112K
  class space    used 3935K, committed 4288K, reserved 1048576K
}
Event: 35.677 GC heap after
{Heap after GC invocations=16 (full 2):
 PSYoungGen      total 23552K, used 1504K [0x00000000eab00000, 0x00000000ec480000, 0x0000000100000000)
  eden space 22016K, 0% used [0x00000000eab00000,0x00000000eab00000,0x00000000ec080000)
  from space 1536K, 97% used [0x00000000ec300000,0x00000000ec478010,0x00000000ec480000)
  to   space 2048K, 0% used [0x00000000ec080000,0x00000000ec080000,0x00000000ec280000)
 ParOldGen       total 68608K, used 18917K [0x00000000c0000000, 0x00000000c4300000, 0x00000000eab00000)
  object space 68608K, 27% used [0x00000000c0000000,0x00000000c1279720,0x00000000c4300000)
 Metaspace       used 38752K, committed 39488K, reserved 1114112K
  class space    used 3935K, committed 4288K, reserved 1048576K
}
Event: 37.967 GC heap before
{Heap before GC invocations=17 (full 2):
 PSYoungGen      total 23552K, used 23457K [0x00000000eab00000, 0x00000000ec480000, 0x0000000100000000)
  eden space 22016K, 99% used [0x00000000eab00000,0x00000000ec0705f0,0x00000000ec080000)
  from space 1536K, 97% used [0x00000000ec300000,0x00000000ec478010,0x00000000ec480000)
  to   space 2048K, 0% used [0x00000000ec080000,0x00000000ec080000,0x00000000ec280000)
 ParOldGen       total 68608K, used 18917K [0x00000000c0000000, 0x00000000c4300000, 0x00000000eab00000)
  object space 68608K, 27% used [0x00000000c0000000,0x00000000c1279720,0x00000000c4300000)
 Metaspace       used 40798K, committed 41536K, reserved 1114112K
  class space    used 4175K, committed 4480K, reserved 1048576K
}
Event: 37.971 GC heap after
{Heap after GC invocations=17 (full 2):
 PSYoungGen      total 24064K, used 676K [0x00000000eab00000, 0x00000000ec380000, 0x0000000100000000)
  eden space 22016K, 0% used [0x00000000eab00000,0x00000000eab00000,0x00000000ec080000)
  from space 2048K, 33% used [0x00000000ec080000,0x00000000ec129010,0x00000000ec280000)
  to   space 1024K, 0% used [0x00000000ec280000,0x00000000ec280000,0x00000000ec380000)
 ParOldGen       total 68608K, used 20339K [0x00000000c0000000, 0x00000000c4300000, 0x00000000eab00000)
  object space 68608K, 29% used [0x00000000c0000000,0x00000000c13dcf20,0x00000000c4300000)
 Metaspace       used 40798K, committed 41536K, reserved 1114112K
  class space    used 4175K, committed 4480K, reserved 1048576K
}
Event: 39.334 GC heap before
{Heap before GC invocations=18 (full 2):
 PSYoungGen      total 24064K, used 22676K [0x00000000eab00000, 0x00000000ec380000, 0x0000000100000000)
  eden space 22016K, 99% used [0x00000000eab00000,0x00000000ec07c0e0,0x00000000ec080000)
  from space 2048K, 33% used [0x00000000ec080000,0x00000000ec129010,0x00000000ec280000)
  to   space 1024K, 0% used [0x00000000ec280000,0x00000000ec280000,0x00000000ec380000)
 ParOldGen       total 68608K, used 20339K [0x00000000c0000000, 0x00000000c4300000, 0x00000000eab00000)
  object space 68608K, 29% used [0x00000000c0000000,0x00000000c13dcf20,0x00000000c4300000)
 Metaspace       used 42638K, committed 43392K, reserved 1114112K
  class space    used 4343K, committed 4672K, reserved 1048576K
}
Event: 39.337 GC heap after
{Heap after GC invocations=18 (full 2):
 PSYoungGen      total 22528K, used 480K [0x00000000eab00000, 0x00000000ec300000, 0x0000000100000000)
  eden space 22016K, 0% used [0x00000000eab00000,0x00000000eab00000,0x00000000ec080000)
  from space 512K, 93% used [0x00000000ec280000,0x00000000ec2f8020,0x00000000ec300000)
  to   space 1024K, 0% used [0x00000000ec100000,0x00000000ec100000,0x00000000ec200000)
 ParOldGen       total 68608K, used 20916K [0x00000000c0000000, 0x00000000c4300000, 0x00000000eab00000)
  object space 68608K, 30% used [0x00000000c0000000,0x00000000c146d3e8,0x00000000c4300000)
 Metaspace       used 42638K, committed 43392K, reserved 1114112K
  class space    used 4343K, committed 4672K, reserved 1048576K
}
Event: 41.581 GC heap before
{Heap before GC invocations=19 (full 2):
 PSYoungGen      total 22528K, used 22496K [0x00000000eab00000, 0x00000000ec300000, 0x0000000100000000)
  eden space 22016K, 100% used [0x00000000eab00000,0x00000000ec080000,0x00000000ec080000)
  from space 512K, 93% used [0x00000000ec280000,0x00000000ec2f8020,0x00000000ec300000)
  to   space 1024K, 0% used [0x00000000ec100000,0x00000000ec100000,0x00000000ec200000)
 ParOldGen       total 68608K, used 20916K [0x00000000c0000000, 0x00000000c4300000, 0x00000000eab00000)
  object space 68608K, 30% used [0x00000000c0000000,0x00000000c146d3e8,0x00000000c4300000)
 Metaspace       used 43806K, committed 44608K, reserved 1114112K
  class space    used 4426K, committed 4800K, reserved 1048576K
}
Event: 41.586 GC heap after
{Heap after GC invocations=19 (full 2):
 PSYoungGen      total 23040K, used 992K [0x00000000eab00000, 0x00000000ec580000, 0x0000000100000000)
  eden space 22016K, 0% used [0x00000000eab00000,0x00000000eab00000,0x00000000ec080000)
  from space 1024K, 96% used [0x00000000ec100000,0x00000000ec1f8020,0x00000000ec200000)
  to   space 2560K, 0% used [0x00000000ec300000,0x00000000ec300000,0x00000000ec580000)
 ParOldGen       total 68608K, used 21836K [0x00000000c0000000, 0x00000000c4300000, 0x00000000eab00000)
  object space 68608K, 31% used [0x00000000c0000000,0x00000000c15533f8,0x00000000c4300000)
 Metaspace       used 43806K, committed 44608K, reserved 1114112K
  class space    used 4426K, committed 4800K, reserved 1048576K
}
Event: 41.715 GC heap before
{Heap before GC invocations=20 (full 2):
 PSYoungGen      total 23040K, used 23008K [0x00000000eab00000, 0x00000000ec580000, 0x0000000100000000)
  eden space 22016K, 100% used [0x00000000eab00000,0x00000000ec080000,0x00000000ec080000)
  from space 1024K, 96% used [0x00000000ec100000,0x00000000ec1f8020,0x00000000ec200000)
  to   space 2560K, 0% used [0x00000000ec300000,0x00000000ec300000,0x00000000ec580000)
 ParOldGen       total 68608K, used 21836K [0x00000000c0000000, 0x00000000c4300000, 0x00000000eab00000)
  object space 68608K, 31% used [0x00000000c0000000,0x00000000c15533f8,0x00000000c4300000)
 Metaspace       used 43806K, committed 44608K, reserved 1114112K
  class space    used 4426K, committed 4800K, reserved 1048576K
}
Event: 41.722 GC heap after
{Heap after GC invocations=20 (full 2):
 PSYoungGen      total 24576K, used 2016K [0x00000000eab00000, 0x00000000ec580000, 0x0000000100000000)
  eden space 22016K, 0% used [0x00000000eab00000,0x00000000eab00000,0x00000000ec080000)
  from space 2560K, 78% used [0x00000000ec300000,0x00000000ec4f8000,0x00000000ec580000)
  to   space 2560K, 0% used [0x00000000ec080000,0x00000000ec080000,0x00000000ec300000)
 ParOldGen       total 68608K, used 22834K [0x00000000c0000000, 0x00000000c4300000, 0x00000000eab00000)
  object space 68608K, 33% used [0x00000000c0000000,0x00000000c164cb00,0x00000000c4300000)
 Metaspace       used 43806K, committed 44608K, reserved 1114112K
  class space    used 4426K, committed 4800K, reserved 1048576K
}
Event: 41.778 GC heap before
{Heap before GC invocations=21 (full 2):
 PSYoungGen      total 24576K, used 24032K [0x00000000eab00000, 0x00000000ec580000, 0x0000000100000000)
  eden space 22016K, 100% used [0x00000000eab00000,0x00000000ec080000,0x00000000ec080000)
  from space 2560K, 78% used [0x00000000ec300000,0x00000000ec4f8000,0x00000000ec580000)
  to   space 2560K, 0% used [0x00000000ec080000,0x00000000ec080000,0x00000000ec300000)
 ParOldGen       total 68608K, used 22834K [0x00000000c0000000, 0x00000000c4300000, 0x00000000eab00000)
  object space 68608K, 33% used [0x00000000c0000000,0x00000000c164cb00,0x00000000c4300000)
 Metaspace       used 43811K, committed 44608K, reserved 1114112K
  class space    used 4426K, committed 4800K, reserved 1048576K
}
Event: 41.783 GC heap after
{Heap after GC invocations=21 (full 2):
 PSYoungGen      total 24576K, used 2272K [0x00000000eab00000, 0x00000000ec580000, 0x0000000100000000)
  eden space 22016K, 0% used [0x00000000eab00000,0x00000000eab00000,0x00000000ec080000)
  from space 2560K, 88% used [0x00000000ec080000,0x00000000ec2b8010,0x00000000ec300000)
  to   space 2560K, 0% used [0x00000000ec300000,0x00000000ec300000,0x00000000ec580000)
 ParOldGen       total 68608K, used 24794K [0x00000000c0000000, 0x00000000c4300000, 0x00000000eab00000)
  object space 68608K, 36% used [0x00000000c0000000,0x00000000c1836b00,0x00000000c4300000)
 Metaspace       used 43811K, committed 44608K, reserved 1114112K
  class space    used 4426K, committed 4800K, reserved 1048576K
}

Dll operation events (10 events):
Event: 0.035 Loaded shared library c:\Users\usuario\.vscode\extensions\redhat.java-1.31.0-win32-x64\jre\17.0.11-win32-x86_64\bin\java.dll
Event: 0.544 Loaded shared library c:\Users\usuario\.vscode\extensions\redhat.java-1.31.0-win32-x64\jre\17.0.11-win32-x86_64\bin\zip.dll
Event: 0.557 Loaded shared library C:\Users\usuario\.vscode\extensions\redhat.java-1.31.0-win32-x64\jre\17.0.11-win32-x86_64\bin\instrument.dll
Event: 0.612 Loaded shared library C:\Users\usuario\.vscode\extensions\redhat.java-1.31.0-win32-x64\jre\17.0.11-win32-x86_64\bin\net.dll
Event: 0.616 Loaded shared library C:\Users\usuario\.vscode\extensions\redhat.java-1.31.0-win32-x64\jre\17.0.11-win32-x86_64\bin\nio.dll
Event: 0.629 Loaded shared library C:\Users\usuario\.vscode\extensions\redhat.java-1.31.0-win32-x64\jre\17.0.11-win32-x86_64\bin\zip.dll
Event: 0.704 Loaded shared library C:\Users\usuario\.vscode\extensions\redhat.java-1.31.0-win32-x64\jre\17.0.11-win32-x86_64\bin\jimage.dll
Event: 0.904 Loaded shared library c:\Users\usuario\.vscode\extensions\redhat.java-1.31.0-win32-x64\jre\17.0.11-win32-x86_64\bin\verify.dll
Event: 4.946 Loaded shared library C:\Users\usuario\AppData\Roaming\Code\User\globalStorage\redhat.java\1.31.0\config_ss_win\org.eclipse.equinox.launcher\org.eclipse.equinox.launcher.win32.win32.x86_64_1.2.1000.v20240507-1834\eclipse_11902.dll
Event: 26.040 Loaded shared library C:\Users\usuario\AppData\Local\Temp\jna--132844754\jna1893737251524241168.dll

Deoptimization events (20 events):
Event: 41.524 Thread 0x0000020015c69820 Uncommon trap: trap_request=0xffffffcc fr.pc=0x0000020007cfedd4 relative=0x00000000000011b4
Event: 41.524 Thread 0x0000020015c69820 Uncommon trap: reason=intrinsic_or_type_checked_inlining action=make_not_entrant pc=0x0000020007cfedd4 method=java.util.ArrayList.toArray([Ljava/lang/Object;)[Ljava/lang/Object; @ 36 c2
Event: 41.524 Thread 0x0000020015c69820 DEOPT PACKING pc=0x0000020007cfedd4 sp=0x0000003a1d6fdd00
Event: 41.524 Thread 0x0000020015c69820 DEOPT UNPACKING pc=0x00000200075866a3 sp=0x0000003a1d6fdc38 mode 2
Event: 41.923 Thread 0x0000020015c69820 DEOPT PACKING pc=0x00000200007b8658 sp=0x0000003a1d6fde60
Event: 41.923 Thread 0x0000020015c69820 DEOPT UNPACKING pc=0x0000020007586e43 sp=0x0000003a1d6fd3a0 mode 0
Event: 41.955 Thread 0x0000020014e523a0 DEOPT PACKING pc=0x000002000077437a sp=0x0000003a1ccfe040
Event: 41.955 Thread 0x0000020014e523a0 DEOPT UNPACKING pc=0x0000020007586e43 sp=0x0000003a1ccfd4b0 mode 0
Event: 41.959 Thread 0x0000020014e523a0 DEOPT PACKING pc=0x000002000077437a sp=0x0000003a1ccfe0c0
Event: 41.959 Thread 0x0000020014e523a0 DEOPT UNPACKING pc=0x0000020007586e43 sp=0x0000003a1ccfd530 mode 0
Event: 42.192 Thread 0x0000020015c69820 Uncommon trap: trap_request=0xffffff45 fr.pc=0x0000020007d00854 relative=0x0000000000000694
Event: 42.192 Thread 0x0000020015c69820 Uncommon trap: reason=unstable_if action=reinterpret pc=0x0000020007d00854 method=org.eclipse.jdt.internal.core.util.HashtableOfArrayToObject.get([Ljava/lang/Object;)Ljava/lang/Object; @ 64 c2
Event: 42.192 Thread 0x0000020015c69820 DEOPT PACKING pc=0x0000020007d00854 sp=0x0000003a1d6fe240
Event: 42.192 Thread 0x0000020015c69820 DEOPT UNPACKING pc=0x00000200075866a3 sp=0x0000003a1d6fe200 mode 2
Event: 42.228 Thread 0x0000020015c69820 DEOPT PACKING pc=0x000002000077437a sp=0x0000003a1d6fd860
Event: 42.228 Thread 0x0000020015c69820 DEOPT UNPACKING pc=0x0000020007586e43 sp=0x0000003a1d6fccd0 mode 0
Event: 42.229 Thread 0x0000020015c69820 DEOPT PACKING pc=0x000002000077437a sp=0x0000003a1d6fd860
Event: 42.229 Thread 0x0000020015c69820 DEOPT UNPACKING pc=0x0000020007586e43 sp=0x0000003a1d6fccd0 mode 0
Event: 42.231 Thread 0x0000020015c69820 DEOPT PACKING pc=0x000002000077437a sp=0x0000003a1d6fd850
Event: 42.231 Thread 0x0000020015c69820 DEOPT UNPACKING pc=0x0000020007586e43 sp=0x0000003a1d6fccc0 mode 0

Classes unloaded (7 events):
Event: 7.730 Thread 0x000002000f396370 Unloading class 0x000000010021e400 'java/lang/invoke/LambdaForm$MH+0x000000010021e400'
Event: 7.730 Thread 0x000002000f396370 Unloading class 0x000000010021e000 'java/lang/invoke/LambdaForm$MH+0x000000010021e000'
Event: 7.730 Thread 0x000002000f396370 Unloading class 0x000000010021dc00 'java/lang/invoke/LambdaForm$MH+0x000000010021dc00'
Event: 7.730 Thread 0x000002000f396370 Unloading class 0x000000010021d800 'java/lang/invoke/LambdaForm$MH+0x000000010021d800'
Event: 7.730 Thread 0x000002000f396370 Unloading class 0x000000010021d400 'java/lang/invoke/LambdaForm$BMH+0x000000010021d400'
Event: 7.730 Thread 0x000002000f396370 Unloading class 0x000000010021d000 'java/lang/invoke/LambdaForm$DMH+0x000000010021d000'
Event: 7.730 Thread 0x000002000f396370 Unloading class 0x0000000100218400 'java/lang/invoke/LambdaForm$DMH+0x0000000100218400'

Classes redefined (0 events):
No events

Internal exceptions (20 events):
Event: 33.386 Thread 0x0000020015c6b170 Exception <a 'sun/nio/fs/WindowsException'{0x00000000eb441298}> (0x00000000eb441298) 
thrown [s\src\hotspot\share\prims\jni.cpp, line 516]
Event: 33.386 Thread 0x0000020015c6b170 Exception <a 'sun/nio/fs/WindowsException'{0x00000000eb441e18}> (0x00000000eb441e18) 
thrown [s\src\hotspot\share\prims\jni.cpp, line 516]
Event: 33.387 Thread 0x0000020015c6b170 Exception <a 'sun/nio/fs/WindowsException'{0x00000000eb442fe0}> (0x00000000eb442fe0) 
thrown [s\src\hotspot\share\prims\jni.cpp, line 516]
Event: 33.387 Thread 0x0000020015c6b170 Exception <a 'sun/nio/fs/WindowsException'{0x00000000eb443b60}> (0x00000000eb443b60) 
thrown [s\src\hotspot\share\prims\jni.cpp, line 516]
Event: 33.388 Thread 0x0000020015c6b170 Exception <a 'sun/nio/fs/WindowsException'{0x00000000eb444d88}> (0x00000000eb444d88) 
thrown [s\src\hotspot\share\prims\jni.cpp, line 516]
Event: 33.388 Thread 0x0000020015c6b170 Exception <a 'sun/nio/fs/WindowsException'{0x00000000eb445908}> (0x00000000eb445908) 
thrown [s\src\hotspot\share\prims\jni.cpp, line 516]
Event: 33.390 Thread 0x0000020015c6b170 Exception <a 'sun/nio/fs/WindowsException'{0x00000000eb448098}> (0x00000000eb448098) 
thrown [s\src\hotspot\share\prims\jni.cpp, line 516]
Event: 33.390 Thread 0x0000020015c6b170 Exception <a 'sun/nio/fs/WindowsException'{0x00000000eb448c18}> (0x00000000eb448c18) 
thrown [s\src\hotspot\share\prims\jni.cpp, line 516]
Event: 33.396 Thread 0x0000020015c6b170 Exception <a 'java/lang/NoSuchMethodError'{0x00000000eb45d258}: 'void java.lang.invoke.DirectMethodHandle$Holder.invokeVirtual(java.lang.Object, java.lang.Object, java.lang.Object, java.lang.Object)'> (0x00000000eb45d258) 
thrown [s\src\hotspot\share\interpreter\linkResolver.cpp, line 759]
Event: 33.508 Thread 0x0000020015c679c0 Exception <a 'java/lang/NoSuchMethodError'{0x00000000eb70f430}: 'java.lang.Object java.lang.invoke.Invokers$Holder.invoke_MT(java.lang.Object, java.lang.Object, java.lang.Object)'> (0x00000000eb70f430) 
thrown [s\src\hotspot\share\interpreter\linkResolver.cpp, line 759]
Event: 36.241 Thread 0x0000020014e52dc0 Exception <a 'java/io/FileNotFoundException'{0x00000000eb21ac78}> (0x00000000eb21ac78) 
thrown [s\src\hotspot\share\prims\jni.cpp, line 516]
Event: 36.281 Thread 0x0000020015c679c0 Exception <a 'java/lang/LinkageError'{0x00000000eb207b78}: loader lombok.launch.ShadowClassLoader @65c87cc1 attempted duplicate class definition for lombok.launch.PatchFixesHider$Transform. (lombok.launch.PatchFixesHider$Transform is in unnamed module of loader lombok.launch.ShadowClassLoader @65c87cc1, parent loader org.eclipse.osgi.internal.loader.EquinoxClassLoader @6bddbf1f)> (0x00000000eb207b78) 
thrown [s\src\hotspot\share\classfile\systemDictionary.cpp, line 1723]
Event: 36.337 Thread 0x0000020014e52dc0 Exception <a 'java/io/FileNotFoundException'{0x00000000eb24c198}> (0x00000000eb24c198) 
thrown [s\src\hotspot\share\prims\jni.cpp, line 516]
Event: 36.337 Thread 0x0000020014e52dc0 Exception <a 'java/io/FileNotFoundException'{0x00000000eb24d1c8}> (0x00000000eb24d1c8) 
thrown [s\src\hotspot\share\prims\jni.cpp, line 516]
Event: 36.340 Thread 0x0000020014e52dc0 Exception <a 'java/io/FileNotFoundException'{0x00000000eb24df70}> (0x00000000eb24df70) 
thrown [s\src\hotspot\share\prims\jni.cpp, line 516]
Event: 36.341 Thread 0x0000020015c69820 Exception <a 'java/lang/LinkageError'{0x00000000eb34dc58}: loader lombok.launch.ShadowClassLoader @65c87cc1 attempted duplicate class definition for lombok.launch.PatchFixesHider$Transform. (lombok.launch.PatchFixesHider$Transform is in unnamed module of loader lombok.launch.ShadowClassLoader @65c87cc1, parent loader org.eclipse.osgi.internal.loader.EquinoxClassLoader @6bddbf1f)> (0x00000000eb34dc58) 
thrown [s\src\hotspot\share\classfile\systemDictionary.cpp, line 1723]
Event: 38.616 Thread 0x0000020015c6b170 Implicit null exception at 0x0000020007cc6fd0 to 0x0000020007cc7cd4
Event: 39.510 Thread 0x0000020015c6a750 Exception <a 'java/lang/NoSuchMethodError'{0x00000000eae3cf08}: 'int java.lang.invoke.DirectMethodHandle$Holder.invokeVirtual(java.lang.Object, java.lang.Object)'> (0x00000000eae3cf08) 
thrown [s\src\hotspot\share\interpreter\linkResolver.cpp, line 759]
Event: 42.213 Thread 0x0000020015c69820 Exception <a 'java/lang/NoSuchMethodError'{0x00000000ebfc9708}: 'int java.lang.invoke.DirectMethodHandle$Holder.invokeInterface(java.lang.Object, java.lang.Object)'> (0x00000000ebfc9708) 
thrown [s\src\hotspot\share\interpreter\linkResolver.cpp, line 759]
Event: 42.214 Thread 0x0000020015c69820 Exception <a 'java/lang/IncompatibleClassChangeError'{0x00000000ebfccc98}: Found class java.lang.Object, but interface was expected> (0x00000000ebfccc98) 
thrown [s\src\hotspot\share\interpreter\linkResolver.cpp, line 826]

VM Operations (20 events):
Event: 35.678 Executing VM operation: ParallelGCFailedAllocation done
Event: 36.167 Executing VM operation: HandshakeAllThreads
Event: 36.167 Executing VM operation: HandshakeAllThreads done
Event: 37.166 Executing VM operation: Cleanup
Event: 37.268 Executing VM operation: Cleanup done
Event: 37.966 Executing VM operation: ParallelGCFailedAllocation
Event: 37.971 Executing VM operation: ParallelGCFailedAllocation done
Event: 38.983 Executing VM operation: Cleanup
Event: 38.984 Executing VM operation: Cleanup done
Event: 39.334 Executing VM operation: ParallelGCFailedAllocation
Event: 39.337 Executing VM operation: ParallelGCFailedAllocation done
Event: 41.345 Executing VM operation: Cleanup
Event: 41.346 Executing VM operation: Cleanup done
Event: 41.581 Executing VM operation: ParallelGCFailedAllocation
Event: 41.586 Executing VM operation: ParallelGCFailedAllocation done
Event: 41.715 Executing VM operation: ParallelGCFailedAllocation
Event: 41.722 Executing VM operation: ParallelGCFailedAllocation done
Event: 41.778 Executing VM operation: ParallelGCFailedAllocation
Event: 41.783 Executing VM operation: ParallelGCFailedAllocation done
Event: 42.256 Executing VM operation: ParallelGCFailedAllocation

Events (20 events):
Event: 39.037 loading class java/util/Hashtable$ValueCollection done
Event: 39.471 loading class java/util/regex/PatternSyntaxException
Event: 39.472 loading class java/util/regex/PatternSyntaxException done
Event: 39.494 Thread 0x0000020015c6a750 Thread added: 0x0000020015c6a750
Event: 41.366 loading class java/io/FileReader
Event: 41.367 loading class java/io/FileReader done
Event: 41.367 loading class java/lang/UnsupportedClassVersionError
Event: 41.368 loading class java/lang/UnsupportedClassVersionError done
Event: 41.386 loading class jdk/internal/reflect/UnsafeQualifiedStaticIntegerFieldAccessorImpl
Event: 41.387 loading class jdk/internal/reflect/UnsafeQualifiedStaticIntegerFieldAccessorImpl done
Event: 42.215 loading class java/util/stream/MatchOps$MatchKind
Event: 42.216 loading class java/util/stream/MatchOps$MatchKind done
Event: 42.216 loading class java/util/stream/MatchOps
Event: 42.216 loading class java/util/stream/MatchOps done
Event: 42.217 loading class java/util/stream/MatchOps$MatchOp
Event: 42.217 loading class java/util/stream/MatchOps$MatchOp done
Event: 42.217 loading class java/util/stream/MatchOps$BooleanTerminalSink
Event: 42.217 loading class java/util/stream/MatchOps$BooleanTerminalSink done
Event: 42.218 loading class java/util/stream/MatchOps$1MatchSink
Event: 42.219 loading class java/util/stream/MatchOps$1MatchSink done


Dynamic libraries:
0x00007ff7a2e40000 - 0x00007ff7a2e4e000 	c:\Users\usuario\.vscode\extensions\redhat.java-1.31.0-win32-x64\jre\17.0.11-win32-x86_64\bin\java.exe
0x00007ff896790000 - 0x00007ff896988000 	C:\Windows\SYSTEM32\ntdll.dll
0x00007ff895040000 - 0x00007ff8950fd000 	C:\Windows\System32\KERNEL32.DLL
0x00007ff894340000 - 0x00007ff894636000 	C:\Windows\System32\KERNELBASE.dll
0x00007ff893fa0000 - 0x00007ff8940a0000 	C:\Windows\System32\ucrtbase.dll
0x00007ff8914a0000 - 0x00007ff8914b7000 	c:\Users\usuario\.vscode\extensions\redhat.java-1.31.0-win32-x64\jre\17.0.11-win32-x86_64\bin\jli.dll
0x00007ff8956f0000 - 0x00007ff89588f000 	C:\Windows\System32\USER32.dll
0x00007ff893f70000 - 0x00007ff893f92000 	C:\Windows\System32\win32u.dll
0x00007ff895100000 - 0x00007ff89512b000 	C:\Windows\System32\GDI32.dll
0x00007ff893e50000 - 0x00007ff893f67000 	C:\Windows\System32\gdi32full.dll
0x00007ff8940a0000 - 0x00007ff89413d000 	C:\Windows\System32\msvcp_win.dll
0x00007ff891480000 - 0x00007ff89149b000 	c:\Users\usuario\.vscode\extensions\redhat.java-1.31.0-win32-x64\jre\17.0.11-win32-x86_64\bin\VCRUNTIME140.dll
0x00007ff8813a0000 - 0x00007ff88163a000 	C:\Windows\WinSxS\amd64_microsoft.windows.common-controls_6595b64144ccf1df_6.0.19041.4355_none_60b8b9eb71f62e16\COMCTL32.dll
0x00007ff8952e0000 - 0x00007ff89537e000 	C:\Windows\System32\msvcrt.dll
0x00007ff895390000 - 0x00007ff8953bf000 	C:\Windows\System32\IMM32.DLL
0x00007ff891470000 - 0x00007ff89147c000 	c:\Users\usuario\.vscode\extensions\redhat.java-1.31.0-win32-x64\jre\17.0.11-win32-x86_64\bin\vcruntime140_1.dll
0x00007ff88ca80000 - 0x00007ff88cb0d000 	c:\Users\usuario\.vscode\extensions\redhat.java-1.31.0-win32-x64\jre\17.0.11-win32-x86_64\bin\msvcp140.dll
0x00007ff824480000 - 0x00007ff8250e2000 	c:\Users\usuario\.vscode\extensions\redhat.java-1.31.0-win32-x64\jre\17.0.11-win32-x86_64\bin\server\jvm.dll
0x00007ff8955e0000 - 0x00007ff895690000 	C:\Windows\System32\ADVAPI32.dll
0x00007ff8966b0000 - 0x00007ff896750000 	C:\Windows\System32\sechost.dll
0x00007ff895440000 - 0x00007ff895563000 	C:\Windows\System32\RPCRT4.dll
0x00007ff894640000 - 0x00007ff894667000 	C:\Windows\System32\bcrypt.dll
0x00007ff893b80000 - 0x00007ff893bcb000 	C:\Windows\SYSTEM32\POWRPROF.dll
0x00007ff8794d0000 - 0x00007ff8794d9000 	C:\Windows\SYSTEM32\WSOCK32.dll
0x00007ff896510000 - 0x00007ff89657b000 	C:\Windows\System32\WS2_32.dll
0x00007ff8810e0000 - 0x00007ff881107000 	C:\Windows\SYSTEM32\WINMM.dll
0x00007ff881700000 - 0x00007ff88170a000 	C:\Windows\SYSTEM32\VERSION.dll
0x00007ff893b60000 - 0x00007ff893b72000 	C:\Windows\SYSTEM32\UMPDC.dll
0x00007ff891c90000 - 0x00007ff891ca2000 	C:\Windows\SYSTEM32\kernel.appcore.dll
0x00007ff88ec80000 - 0x00007ff88ec8a000 	c:\Users\usuario\.vscode\extensions\redhat.java-1.31.0-win32-x64\jre\17.0.11-win32-x86_64\bin\jimage.dll
0x00007ff87ebb0000 - 0x00007ff87ed94000 	C:\Windows\SYSTEM32\DBGHELP.DLL
0x00007ff87d380000 - 0x00007ff87d3b4000 	C:\Windows\SYSTEM32\dbgcore.DLL
0x00007ff894240000 - 0x00007ff8942c2000 	C:\Windows\System32\bcryptPrimitives.dll
0x00007ff88ec90000 - 0x00007ff88ec9e000 	c:\Users\usuario\.vscode\extensions\redhat.java-1.31.0-win32-x64\jre\17.0.11-win32-x86_64\bin\instrument.dll
0x00007ff88ec00000 - 0x00007ff88ec25000 	c:\Users\usuario\.vscode\extensions\redhat.java-1.31.0-win32-x64\jre\17.0.11-win32-x86_64\bin\java.dll
0x00007ff88d390000 - 0x00007ff88d3a8000 	c:\Users\usuario\.vscode\extensions\redhat.java-1.31.0-win32-x64\jre\17.0.11-win32-x86_64\bin\zip.dll
0x00007ff895c60000 - 0x00007ff8963cc000 	C:\Windows\System32\SHELL32.dll
0x00007ff891e90000 - 0x00007ff89262d000 	C:\Windows\SYSTEM32\windows.storage.dll
0x00007ff895900000 - 0x00007ff895c53000 	C:\Windows\System32\combase.dll
0x00007ff8936c0000 - 0x00007ff8936ee000 	C:\Windows\SYSTEM32\Wldp.dll
0x00007ff894d50000 - 0x00007ff894e1d000 	C:\Windows\System32\OLEAUT32.dll
0x00007ff894830000 - 0x00007ff8948dd000 	C:\Windows\System32\SHCORE.dll
0x00007ff8947d0000 - 0x00007ff894825000 	C:\Windows\System32\shlwapi.dll
0x00007ff893d80000 - 0x00007ff893da4000 	C:\Windows\SYSTEM32\profapi.dll
0x00007ff88cdf0000 - 0x00007ff88ce09000 	C:\Users\usuario\.vscode\extensions\redhat.java-1.31.0-win32-x64\jre\17.0.11-win32-x86_64\bin\net.dll
0x00007ff88bd80000 - 0x00007ff88be8a000 	C:\Windows\SYSTEM32\WINHTTP.dll
0x00007ff8934a0000 - 0x00007ff89350a000 	C:\Windows\system32\mswsock.dll
0x00007ff88cc10000 - 0x00007ff88cc26000 	C:\Users\usuario\.vscode\extensions\redhat.java-1.31.0-win32-x64\jre\17.0.11-win32-x86_64\bin\nio.dll
0x00007ff88daa0000 - 0x00007ff88dab0000 	c:\Users\usuario\.vscode\extensions\redhat.java-1.31.0-win32-x64\jre\17.0.11-win32-x86_64\bin\verify.dll
0x00007ff85aea0000 - 0x00007ff85aee4000 	C:\Users\usuario\AppData\Roaming\Code\User\globalStorage\redhat.java\1.31.0\config_ss_win\org.eclipse.equinox.launcher\org.eclipse.equinox.launcher.win32.win32.x86_64_1.2.1000.v20240507-1834\eclipse_11902.dll
0x00007ff896580000 - 0x00007ff8966ab000 	C:\Windows\System32\ole32.dll
0x00007ff893a10000 - 0x00007ff893a28000 	C:\Windows\SYSTEM32\CRYPTSP.dll
0x00007ff892de0000 - 0x00007ff892e14000 	C:\Windows\system32\rsaenh.dll
0x00007ff893cf0000 - 0x00007ff893d1e000 	C:\Windows\SYSTEM32\USERENV.dll
0x00007ff893630000 - 0x00007ff89363c000 	C:\Windows\SYSTEM32\CRYPTBASE.dll
0x00007ff8931a0000 - 0x00007ff8931db000 	C:\Windows\SYSTEM32\IPHLPAPI.DLL
0x00007ff895890000 - 0x00007ff895898000 	C:\Windows\System32\NSI.dll
0x00007ff88c220000 - 0x00007ff88c237000 	C:\Windows\SYSTEM32\dhcpcsvc6.DLL
0x00007ff88c1d0000 - 0x00007ff88c1ed000 	C:\Windows\SYSTEM32\dhcpcsvc.DLL
0x00007ff8931e0000 - 0x00007ff8932aa000 	C:\Windows\SYSTEM32\DNSAPI.dll
0x00007ff85a5e0000 - 0x00007ff85a625000 	C:\Users\usuario\AppData\Local\Temp\jna--132844754\jna1893737251524241168.dll
0x00007ff8955d0000 - 0x00007ff8955d8000 	C:\Windows\System32\PSAPI.DLL

dbghelp: loaded successfully - version: 4.0.5 - missing functions: none
symbol engine: initialized successfully - sym options: 0x614 - pdb path: .;c:\Users\usuario\.vscode\extensions\redhat.java-1.31.0-win32-x64\jre\17.0.11-win32-x86_64\bin;C:\Windows\SYSTEM32;C:\Windows\WinSxS\amd64_microsoft.windows.common-controls_6595b64144ccf1df_6.0.19041.4355_none_60b8b9eb71f62e16;c:\Users\usuario\.vscode\extensions\redhat.java-1.31.0-win32-x64\jre\17.0.11-win32-x86_64\bin\server;C:\Users\usuario\AppData\Roaming\Code\User\globalStorage\redhat.java\1.31.0\config_ss_win\org.eclipse.equinox.launcher\org.eclipse.equinox.launcher.win32.win32.x86_64_1.2.1000.v20240507-1834;C:\Users\usuario\AppData\Local\Temp\jna--132844754

VM Arguments:
jvm_args: --add-modules=ALL-SYSTEM --add-opens=java.base/java.util=ALL-UNNAMED --add-opens=java.base/java.lang=ALL-UNNAMED --add-opens=java.base/sun.nio.fs=ALL-UNNAMED -Declipse.application=org.eclipse.jdt.ls.core.id1 -Dosgi.bundles.defaultStartLevel=4 -Declipse.product=org.eclipse.jdt.ls.core.product -Djava.import.generatesMetadataFilesAtProjectRoot=false -DDetectVMInstallationsJob.disabled=true -Dfile.encoding=utf8 -XX:+UseParallelGC -XX:GCTimeRatio=4 -XX:AdaptiveSizePolicyWeight=90 -Dsun.zip.disableMemoryMapping=true -Xmx1G -Xms100m -Xlog:disable -javaagent:c:\Users\usuario\.vscode\extensions\redhat.java-1.31.0-win32-x64\lombok\lombok-1.18.32.jar 
java_command: c:\Users\usuario\.vscode\extensions\redhat.java-1.31.0-win32-x64\server\plugins\org.eclipse.equinox.launcher_1.6.800.v20240513-1750.jar -configuration c:\Users\usuario\AppData\Roaming\Code\User\globalStorage\redhat.java\1.31.0\config_ss_win -data c:\Users\usuario\AppData\Roaming\Code\User\workspaceStorage\dc5f4341a29ea34dd71a81b23711d127\redhat.java\ss_ws --pipe=\\.\pipe\lsp-94ff39574e2695052ba7d3dac694127c-sock
java_class_path (initial): c:\Users\usuario\.vscode\extensions\redhat.java-1.31.0-win32-x64\server\plugins\org.eclipse.equinox.launcher_1.6.800.v20240513-1750.jar
Launcher Type: SUN_STANDARD

[Global flags]
    uintx AdaptiveSizePolicyWeight                 = 90                                        {product} {command line}
     intx CICompilerCount                          = 3                                         {product} {ergonomic}
    uintx GCTimeRatio                              = 4                                         {product} {command line}
   size_t InitialHeapSize                          = 104857600                                 {product} {command line}
   size_t MaxHeapSize                              = 1073741824                                {product} {command line}
   size_t MaxNewSize                               = 357564416                                 {product} {ergonomic}
   size_t MinHeapDeltaBytes                        = 524288                                    {product} {ergonomic}
   size_t MinHeapSize                              = 104857600                                 {product} {command line}
   size_t NewSize                                  = 34603008                                  {product} {ergonomic}
    uintx NonNMethodCodeHeapSize                   = 5832780                                {pd product} {ergonomic}
    uintx NonProfiledCodeHeapSize                  = 122912730                              {pd product} {ergonomic}
   size_t OldSize                                  = 70254592                                  {product} {ergonomic}
    uintx ProfiledCodeHeapSize                     = 122912730                              {pd product} {ergonomic}
    uintx ReservedCodeCacheSize                    = 251658240                              {pd product} {ergonomic}
     bool SegmentedCodeCache                       = true                                      {product} {ergonomic}
   size_t SoftMaxHeapSize                          = 1073741824                             {manageable} {ergonomic}
     bool UseCompressedClassPointers               = true                           {product lp64_product} {ergonomic}
     bool UseCompressedOops                        = true                           {product lp64_product} {ergonomic}
     bool UseLargePagesIndividualAllocation        = false                                  {pd product} {ergonomic}
     bool UseParallelGC                            = true                                      {product} {command line}

Logging:
Log output configuration:
 #0: stdout all=off uptime,level,tags
 #1: stderr all=off uptime,level,tags

Environment Variables:
JAVA_HOME=C:\spring\jdk-17.0.2
PATH=C:\Ruby32-x64\bin;C:\app\usuario\product\21c\dbhomeXE\bin;C:\Program Files\Common Files\Oracle\Java\javapath;C:\Program Files (x86)\Common Files\Oracle\Java\javapath;C:\Python311\Scripts\;C:\Python311\;C:\Windows\system32;C:\Windows;C:\Windows\System32\Wbem;C:\Windows\System32\WindowsPowerShell\v1.0\;C:\Windows\System32\OpenSSH\;C:\Users\usuario\AppData\Roaming\nvm;C:\Program Files\nodejs;C:\Program Files\Git\cmd;C:\Program Files\nodejs\;C:\ProgramData\chocolatey\bin;C:\Program Files\Microsoft SQL Server\150\Tools\Binn\;C:\Program Files\Microsoft SQL Server\Client SDK\ODBC\170\Tools\Binn\;C:\Program Files\dotnet\;C:\spring\jdk-17.0.2\bin;C:\spring\jdk-18.0.2\bin;C:\Program Files\PuTTY\;C:\xampp\php;C:\ProgramData\ComposerSetup\bin;C:\curl;C:\Program Files\MySQL\MySQL Server 8.3\bin;;C:\Program Files\Docker\Docker\resources\bin;C:\Users\usuario\AppData\Local\Microsoft\WindowsApps;C:\Users\usuario\AppData\Roaming\nvm;C:\Program Files\nodejs;C:\Users\usuario\AppData\Local\Programs\Microsoft VS Code\bin;C:\Users\usuario\AppData\Roaming\npm;C:\Users\usuario\.dotnet\tools;C:\Program Files\JetBrains\IntelliJ IDEA Community Edition 2024.1\bin;;C:\spring\jdk-18.0.2\bin;C:\Program Files\JetBrains\IntelliJ IDEA 2024.1.1\bin;;C:\Users\usuario\AppData\Roaming\Composer\vendor\bin;C:\Program Files\RabbitMQ Server\rabbitmq_server-3.13.2\sbin;C:\curl;
USERNAME=usuario
OS=Windows_NT
PROCESSOR_IDENTIFIER=Intel64 Family 6 Model 78 Stepping 3, GenuineIntel
TMP=C:\Users\usuario\AppData\Local\Temp
TEMP=C:\Users\usuario\AppData\Local\Temp



Periodic native trim disabled


---------------  S Y S T E M  ---------------

OS:
 Windows 10 , 64 bit Build 19041 (10.0.19041.3636)
OS uptime: 0 days 12:10 hours
Hyper-V role detected

CPU: total 4 (initial active 4) (2 cores per cpu, 2 threads per core) family 6 model 78 stepping 3 microcode 0xcc, cx8, cmov, fxsr, ht, mmx, 3dnowpref, sse, sse2, sse3, ssse3, sse4.1, sse4.2, popcnt, lzcnt, tsc, tscinvbit, avx, avx2, aes, erms, clmul, bmi1, bmi2, adx, fma, vzeroupper, clflush, clflushopt, hv
Processor Information for all 4 processors :
  Max Mhz: 2400, Current Mhz: 2300, Mhz Limit: 2280

Memory: 4k page, system-wide physical 3934M (41M free)
TotalPageFile size 16222M (AvailPageFile size 60M)
current process WorkingSet (physical memory assigned to process): 134M, peak: 160M
current process commit charge ("private bytes"): 247M, peak: 266M

vm_info: OpenJDK 64-Bit Server VM (17.0.11+9) for windows-amd64 JRE (17.0.11+9), built on Apr 17 2024 06:07:48 by "admin" with MS VC++ 16.10 / 16.11 (VS2019)

END.
